#
# There is insufficient memory for the Java Runtime Environment to continue.
# Native memory allocation (mmap) failed to map 42991616 bytes for G1 virtual space
# Possible reasons:
#   The system is out of physical RAM or swap space
#   The process is running with CompressedOops enabled, and the Java Heap may be blocking the growth of the native heap
# Possible solutions:
#   Reduce memory load on the system
#   Increase physical memory or swap space
#   Check if swap backing store is full
#   Decrease Java heap size (-Xmx/-Xms)
#   Decrease number of Java threads
#   Decrease Java thread stack sizes (-Xss)
#   Set larger code cache with -XX:ReservedCodeCacheSize=
#   JVM is running with Unscaled Compressed Oops mode in which the Java heap is
#     placed in the first 4GB address space. The Java Heap base address is the
#     maximum limit for the native heap growth. Please use -XX:HeapBaseMinAddress
#     to set the Java Heap base and to place the Java Heap above 4GB virtual address.
# This output file may be truncated or incomplete.
#
#  Out of Memory Error (os_windows.cpp:3466), pid=1608, tid=9888
#
# JRE version: OpenJDK Runtime Environment (16.0.2+7) (build 16.0.2+7-67)
# Java VM: OpenJDK 64-Bit Server VM (16.0.2+7-67, mixed mode, tiered, compressed oops, compressed class ptrs, g1 gc, windows-amd64)
# No core dump will be written. Minidumps are not enabled by default on client versions of Windows
#

---------------  S U M M A R Y ------------

Command Line: -Dcom.sun.management.jmxremote -Dcom.sun.management.jmxremote.port=58190 -Dcom.sun.management.jmxremote.authenticate=false -Dcom.sun.management.jmxremote.ssl=false -Djava.rmi.server.hostname=localhost -Dspring.jmx.enabled=true -Dspring.application.admin.enabled=true -XX:TieredStopAtLevel=1 -Dspring.boot.project.name=Work -Dfile.encoding=UTF-8 -XX:+ShowCodeDetailsInExceptionMessages tn.esprit.Work.WorkApplication --spring.output.ansi.enabled=always

Host: Intel(R) Core(TM) i5-3317U CPU @ 1.70GHz, 4 cores, 1G,  Windows 10 , 64 bit Build 19041 (10.0.19041.1503)
Time: Tue Mar  1 01:01:06 2022 Paris, Madrid elapsed time: 10.800379 seconds (0d 0h 0m 10s)

---------------  T H R E A D  ---------------

Current thread (0x00000267424f4b00):  VMThread "VM Thread" [stack: 0x000000717b500000,0x000000717b600000] [id=9888]

Stack: [0x000000717b500000,0x000000717b600000]
Native frames: (J=compiled Java code, j=interpreted, Vv=VM code, C=native code)
V  [jvm.dll+0x6681ca]
V  [jvm.dll+0x7c9e69]
V  [jvm.dll+0x7cb61e]
V  [jvm.dll+0x7cbc73]
V  [jvm.dll+0x242c55]
V  [jvm.dll+0x664f89]
V  [jvm.dll+0x659b75]
V  [jvm.dll+0x2fbfbb]
V  [jvm.dll+0x3031b6]
V  [jvm.dll+0x35299e]
V  [jvm.dll+0x352bcf]
V  [jvm.dll+0x2d3028]
V  [jvm.dll+0x2d0bb5]
V  [jvm.dll+0x2d01ec]
V  [jvm.dll+0x3152d2]
V  [jvm.dll+0x7d00ab]
V  [jvm.dll+0x7d0da4]
V  [jvm.dll+0x7d12a9]
V  [jvm.dll+0x7d1564]
V  [jvm.dll+0x7d1630]
V  [jvm.dll+0x7795aa]
V  [jvm.dll+0x667066]
C  [ucrtbase.dll+0x21bb2]
C  [KERNEL32.DLL+0x17034]
C  [ntdll.dll+0x52651]

VM_Operation (0x000000717affc550): G1CollectForAllocation, mode: safepoint, requested by thread 0x000002672c8c6960


---------------  P R O C E S S  ---------------

Threads class SMR info:
_java_thread_list=0x0000026744f2de70, length=18, elements={
0x000002672c8c6960, 0x00000267425010d0, 0x0000026742501ea0, 0x0000026742523d90,
0x000002674253ebe0, 0x000002674253f4f0, 0x000002674253fe00, 0x0000026742540710,
0x000002674257ad30, 0x000002674248a4b0, 0x0000026743149fc0, 0x00000267438cb5a0,
0x00000267438cbac0, 0x00000267438be870, 0x000002674369f9d0, 0x0000026743bf5d00,
0x0000026743bf8cd0, 0x0000026743bf7ce0
}

Java Threads: ( => current thread )
  0x000002672c8c6960 JavaThread "main" [_thread_blocked, id=9880, stack(0x000000717af00000,0x000000717b000000)]
  0x00000267425010d0 JavaThread "Reference Handler" daemon [_thread_blocked, id=3392, stack(0x000000717b600000,0x000000717b700000)]
  0x0000026742501ea0 JavaThread "Finalizer" daemon [_thread_blocked, id=6836, stack(0x000000717b700000,0x000000717b800000)]
  0x0000026742523d90 JavaThread "Signal Dispatcher" daemon [_thread_blocked, id=8148, stack(0x000000717b800000,0x000000717b900000)]
  0x000002674253ebe0 JavaThread "Attach Listener" daemon [_thread_blocked, id=1740, stack(0x000000717b900000,0x000000717ba00000)]
  0x000002674253f4f0 JavaThread "Service Thread" daemon [_thread_blocked, id=4076, stack(0x000000717ba00000,0x000000717bb00000)]
  0x000002674253fe00 JavaThread "Monitor Deflation Thread" daemon [_thread_blocked, id=12692, stack(0x000000717bb00000,0x000000717bc00000)]
  0x0000026742540710 JavaThread "C1 CompilerThread0" daemon [_thread_blocked, id=9512, stack(0x000000717bc00000,0x000000717bd00000)]
  0x000002674257ad30 JavaThread "Sweeper thread" daemon [_thread_blocked, id=5184, stack(0x000000717bd00000,0x000000717be00000)]
  0x000002674248a4b0 JavaThread "Common-Cleaner" daemon [_thread_blocked, id=6892, stack(0x000000717be00000,0x000000717bf00000)]
  0x0000026743149fc0 JavaThread "Notification Thread" daemon [_thread_blocked, id=5532, stack(0x000000717bf00000,0x000000717c000000)]
  0x00000267438cb5a0 JavaThread "RMI TCP Accept-0" daemon [_thread_in_native, id=5092, stack(0x000000717c300000,0x000000717c400000)]
  0x00000267438cbac0 JavaThread "RMI TCP Accept-58190" daemon [_thread_in_native, id=11356, stack(0x000000717c400000,0x000000717c500000)]
  0x00000267438be870 JavaThread "RMI TCP Accept-0" daemon [_thread_in_native, id=6224, stack(0x000000717c500000,0x000000717c600000)]
  0x000002674369f9d0 JavaThread "RMI TCP Connection(1)-127.0.0.1" daemon [_thread_in_native, id=6004, stack(0x000000717c700000,0x000000717c800000)]
  0x0000026743bf5d00 JavaThread "RMI Scheduler(0)" daemon [_thread_blocked, id=1792, stack(0x000000717c800000,0x000000717c900000)]
  0x0000026743bf8cd0 JavaThread "RMI TCP Connection(2)-127.0.0.1" daemon [_thread_in_native, id=996, stack(0x000000717c900000,0x000000717ca00000)]
  0x0000026743bf7ce0 JavaThread "JMX server connection timeout 21" daemon [_thread_blocked, id=11188, stack(0x000000717ca00000,0x000000717cb00000)]

Other Threads:
=>0x00000267424f4b00 VMThread "VM Thread" [stack: 0x000000717b500000,0x000000717b600000] [id=9888]
  0x000002672a8ec880 WatcherThread [stack: 0x000000717c600000,0x000000717c700000] [id=6780]
  0x000002672c8ea1f0 GCTaskThread "GC Thread#0" [stack: 0x000000717b000000,0x000000717b100000] [id=4360]
  0x0000026743852020 GCTaskThread "GC Thread#1" [stack: 0x000000717c000000,0x000000717c100000] [id=5464]
  0x0000026743852330 GCTaskThread "GC Thread#2" [stack: 0x000000717c100000,0x000000717c200000] [id=3080]
  0x00000267438602a0 GCTaskThread "GC Thread#3" [stack: 0x000000717c200000,0x000000717c300000] [id=10104]
  0x000002672c8f05b0 ConcurrentGCThread "G1 Main Marker" [stack: 0x000000717b100000,0x000000717b200000] [id=6596]
  0x000002672c8f0f30 ConcurrentGCThread "G1 Conc#0" [stack: 0x000000717b200000,0x000000717b300000] [id=10004]
  0x000002672c9302a0 ConcurrentGCThread "G1 Refine#0" [stack: 0x000000717b300000,0x000000717b400000] [id=7012]
  0x000002672c930c30 ConcurrentGCThread "G1 Service" [stack: 0x000000717b400000,0x000000717b500000] [id=4904]

Threads with active compile tasks:

VM state: at safepoint (normal execution)

VM Mutex/Monitor currently owned by a thread:  ([mutex/lock_event])
[0x000002672c8c4730] Threads_lock - owner thread: 0x00000267424f4b00
[0x000002672c8c4220] Heap_lock - owner thread: 0x000002672c8c6960

Heap address: 0x00000000e1a00000, size: 486 MB, Compressed Oops mode: 32-bit

CDS disabled.
Compressed class space mapped at: 0x0000000100000000-0x0000000140000000, reserved size: 1073741824
Narrow klass base: 0x0000000000000000, Narrow klass shift: 3, Narrow klass range: 0x140000000

GC Precious Log:
 CPUs: 4 total, 4 available
 Memory: 1940M
 Large Page Support: Disabled
 NUMA Support: Disabled
 Compressed Oops: Enabled (32-bit)
 Heap Region Size: 1M
 Heap Min Capacity: 8M
 Heap Initial Capacity: 32M
 Heap Max Capacity: 486M
 Pre-touch: Disabled
 Parallel Workers: 4
 Concurrent Workers: 1
 Concurrent Refinement Workers: 4
 Periodic GC: Disabled

Heap:
 garbage-first heap   total 39936K, used 19031K [0x00000000e1a00000, 0x0000000100000000)
  region size 1024K, 1 young (1024K), 1 survivors (1024K)
 Metaspace       used 38723K, committed 39104K, reserved 1089536K
  class space    used 4993K, committed 5184K, reserved 1048576K

Heap Regions: E=young(eden), S=young(survivor), O=old, HS=humongous(starts), HC=humongous(continues), CS=collection set, F=free, OA=open archive, CA=closed archive, TAMS=top-at-mark-start (previous, next)
|   0|0x00000000e1a00000, 0x00000000e1b00000, 0x00000000e1b00000|100%|HS|  |TAMS 0x00000000e1b00000, 0x00000000e1b00000| Complete 
|   1|0x00000000e1b00000, 0x00000000e1c00000, 0x00000000e1c00000|100%| O|  |TAMS 0x00000000e1c00000, 0x00000000e1c00000| Untracked 
|   2|0x00000000e1c00000, 0x00000000e1d00000, 0x00000000e1d00000|100%| O|  |TAMS 0x00000000e1d00000, 0x00000000e1d00000| Untracked 
|   3|0x00000000e1d00000, 0x00000000e1e00000, 0x00000000e1e00000|100%| O|  |TAMS 0x00000000e1e00000, 0x00000000e1e00000| Untracked 
|   4|0x00000000e1e00000, 0x00000000e1f00000, 0x00000000e1f00000|100%| O|  |TAMS 0x00000000e1f00000, 0x00000000e1f00000| Untracked 
|   5|0x00000000e1f00000, 0x00000000e2000000, 0x00000000e2000000|100%| O|  |TAMS 0x00000000e2000000, 0x00000000e2000000| Untracked 
|   6|0x00000000e2000000, 0x00000000e2100000, 0x00000000e2100000|100%| O|  |TAMS 0x00000000e2100000, 0x00000000e2100000| Untracked 
|   7|0x00000000e2100000, 0x00000000e2200000, 0x00000000e2200000|100%| O|  |TAMS 0x00000000e2200000, 0x00000000e2200000| Untracked 
|   8|0x00000000e2200000, 0x00000000e2300000, 0x00000000e2300000|100%| O|  |TAMS 0x00000000e2300000, 0x00000000e2300000| Untracked 
|   9|0x00000000e2300000, 0x00000000e2400000, 0x00000000e2400000|100%| O|  |TAMS 0x00000000e2400000, 0x00000000e2400000| Untracked 
|  10|0x00000000e2400000, 0x00000000e2500000, 0x00000000e2500000|100%| O|  |TAMS 0x00000000e2500000, 0x00000000e2500000| Untracked 
|  11|0x00000000e2500000, 0x00000000e2600000, 0x00000000e2600000|100%| O|  |TAMS 0x00000000e2600000, 0x00000000e2600000| Untracked 
|  12|0x00000000e2600000, 0x00000000e2700000, 0x00000000e2700000|100%| O|  |TAMS 0x00000000e2700000, 0x00000000e2700000| Untracked 
|  13|0x00000000e2700000, 0x00000000e2800000, 0x00000000e2800000|100%| O|  |TAMS 0x00000000e27e9000, 0x00000000e2800000| Untracked 
|  14|0x00000000e2800000, 0x00000000e2900000, 0x00000000e2900000|100%| O|  |TAMS 0x00000000e2800000, 0x00000000e2900000| Untracked 
|  15|0x00000000e2900000, 0x00000000e2a00000, 0x00000000e2a00000|100%| O|  |TAMS 0x00000000e2900000, 0x00000000e2a00000| Untracked 
|  16|0x00000000e2a00000, 0x00000000e2b00000, 0x00000000e2b00000|100%| O|  |TAMS 0x00000000e2a00000, 0x00000000e2b00000| Untracked 
|  17|0x00000000e2b00000, 0x00000000e2bd7600, 0x00000000e2c00000| 84%| O|  |TAMS 0x00000000e2b00000, 0x00000000e2bd7600| Untracked 
|  18|0x00000000e2c00000, 0x00000000e2c00000, 0x00000000e2d00000|  0%| F|  |TAMS 0x00000000e2c00000, 0x00000000e2c00000| Untracked 
|  19|0x00000000e2d00000, 0x00000000e2d00000, 0x00000000e2e00000|  0%| F|  |TAMS 0x00000000e2d00000, 0x00000000e2d00000| Untracked 
|  20|0x00000000e2e00000, 0x00000000e2e00000, 0x00000000e2f00000|  0%| F|  |TAMS 0x00000000e2e00000, 0x00000000e2e00000| Untracked 
|  21|0x00000000e2f00000, 0x00000000e2f00000, 0x00000000e3000000|  0%| F|  |TAMS 0x00000000e2f00000, 0x00000000e2f00000| Untracked 
|  22|0x00000000e3000000, 0x00000000e3000000, 0x00000000e3100000|  0%| F|  |TAMS 0x00000000e3000000, 0x00000000e3000000| Untracked 
|  23|0x00000000e3100000, 0x00000000e3100000, 0x00000000e3200000|  0%| F|  |TAMS 0x00000000e3100000, 0x00000000e3100000| Untracked 
|  24|0x00000000e3200000, 0x00000000e3200000, 0x00000000e3300000|  0%| F|  |TAMS 0x00000000e3200000, 0x00000000e3200000| Untracked 
|  25|0x00000000e3300000, 0x00000000e3300000, 0x00000000e3400000|  0%| F|  |TAMS 0x00000000e3300000, 0x00000000e3300000| Untracked 
|  26|0x00000000e3400000, 0x00000000e34be768, 0x00000000e3500000| 74%| S|CS|TAMS 0x00000000e3400000, 0x00000000e3400000| Complete 
|  27|0x00000000e3500000, 0x00000000e3500000, 0x00000000e3600000|  0%| F|  |TAMS 0x00000000e3500000, 0x00000000e3500000| Untracked 
|  28|0x00000000e3600000, 0x00000000e3600000, 0x00000000e3700000|  0%| F|  |TAMS 0x00000000e3600000, 0x00000000e3600000| Untracked 
|  29|0x00000000e3700000, 0x00000000e3700000, 0x00000000e3800000|  0%| F|  |TAMS 0x00000000e3700000, 0x00000000e3700000| Untracked 
|  30|0x00000000e3800000, 0x00000000e3800000, 0x00000000e3900000|  0%| F|  |TAMS 0x00000000e3800000, 0x00000000e3800000| Untracked 
|  31|0x00000000e3900000, 0x00000000e3900000, 0x00000000e3a00000|  0%| F|  |TAMS 0x00000000e3900000, 0x00000000e3900000| Untracked 
|  32|0x00000000e3a00000, 0x00000000e3a00000, 0x00000000e3b00000|  0%| F|  |TAMS 0x00000000e3a00000, 0x00000000e3a00000| Untracked 
|  33|0x00000000e3b00000, 0x00000000e3b00000, 0x00000000e3c00000|  0%| F|  |TAMS 0x00000000e3b00000, 0x00000000e3b00000| Untracked 
|  34|0x00000000e3c00000, 0x00000000e3c00000, 0x00000000e3d00000|  0%| F|  |TAMS 0x00000000e3c00000, 0x00000000e3c00000| Untracked 
|  35|0x00000000e3d00000, 0x00000000e3d00000, 0x00000000e3e00000|  0%| F|  |TAMS 0x00000000e3d00000, 0x00000000e3d00000| Untracked 
|  36|0x00000000e3e00000, 0x00000000e3e00000, 0x00000000e3f00000|  0%| F|  |TAMS 0x00000000e3e00000, 0x00000000e3e00000| Untracked 
|  37|0x00000000e3f00000, 0x00000000e3f00000, 0x00000000e4000000|  0%| F|  |TAMS 0x00000000e3f00000, 0x00000000e3f00000| Untracked 
|  38|0x00000000e4000000, 0x00000000e4000000, 0x00000000e4100000|  0%| F|  |TAMS 0x00000000e4000000, 0x00000000e4000000| Untracked 

Card table byte_map: [0x000002673ee30000,0x000002673ef30000] _byte_map_base: 0x000002673e723000

Marking Bits (Prev, Next): (CMBitMap*) 0x000002672c8eb780, (CMBitMap*) 0x000002672c8eb7c0
 Prev Bits: [0x000002673f030000, 0x000002673f7c8000)
 Next Bits: [0x000002673f7d0000, 0x000002673ff68000)

Polling page: 0x000002672a7d0000

Metaspace:

Usage:
  Non-class:     32.94 MB used.
      Class:      4.88 MB used.
       Both:     37.82 MB used.

Virtual space:
  Non-class space:       40.00 MB reserved,      33.12 MB ( 83%) committed,  5 nodes.
      Class space:        1.00 GB reserved,       5.06 MB ( <1%) committed,  1 nodes.
              Both:        1.04 GB reserved,      38.19 MB (  4%) committed. 

Chunk freelists:
   Non-Class:  2.64 MB
       Class:  2.83 MB
        Both:  5.47 MB

MaxMetaspaceSize: 17179869184.00 GB
CompressedClassSpaceSize: 1.00 GB
 - commit_granule_bytes: 65536.
 - commit_granule_words: 8192.
 - virtual_space_node_default_size: 1048576.
 - enlarge_chunks_in_place: 1.
 - new_chunks_are_fully_committed: 0.
 - uncommit_free_chunks: 1.
 - use_allocation_guard: 0.
 - handle_deallocations: 1.


Internal statistics:

num_allocs_failed_limit: 8.
num_arena_births: 432.
num_arena_deaths: 0.
num_vsnodes_births: 6.
num_vsnodes_deaths: 0.
num_space_committed: 611.
num_space_uncommitted: 0.
num_chunks_returned_to_freelist: 8.
num_chunks_taken_from_freelist: 1498.
num_chunk_merges: 8.
num_chunk_splits: 1016.
num_chunks_enlarged: 740.
num_purges: 0.

CodeHeap 'non-profiled nmethods': size=238912Kb used=5678Kb max_used=5678Kb free=233233Kb
 bounds [0x00000267304e0000, 0x0000026730a70000, 0x000002673ee30000]
CodeHeap 'non-nmethods': size=6848Kb used=1189Kb max_used=1189Kb free=5659Kb
 bounds [0x000002672fe30000, 0x00000267300a0000, 0x00000267304e0000]
 total_blobs=4082 nmethods=3599 adapters=410
 compilation: enabled
              stopped_count=0, restarted_count=0
 full_count=0

Compilation events (20 events):
Event: 10.756 Thread 0x0000026742540710 3590       1       java.util.jar.JarInputStream::read (48 bytes)
Event: 10.756 Thread 0x0000026742540710 nmethod 3590 0x0000026730a66610 code [0x0000026730a667c0, 0x0000026730a66938]
Event: 10.756 Thread 0x0000026742540710 3591       1       java.util.zip.ZipInputStream::read (304 bytes)
Event: 10.758 Thread 0x0000026742540710 nmethod 3591 0x0000026730a66a10 code [0x0000026730a66d20, 0x0000026730a67878]
Event: 10.761 Thread 0x0000026742540710 3592       1       java.io.BufferedInputStream::fill (203 bytes)
Event: 10.762 Thread 0x0000026742540710 nmethod 3592 0x0000026730a67e10 code [0x0000026730a68040, 0x0000026730a687a8]
Event: 10.767 Thread 0x0000026742540710 3593       1       java.util.jar.Manifest$FastInputStream::fill (38 bytes)
Event: 10.767 Thread 0x0000026742540710 nmethod 3593 0x0000026730a68a90 code [0x0000026730a68c40, 0x0000026730a68d68]
Event: 10.774 Thread 0x0000026742540710 3594   !   1       java.io.FileInputStream::close (69 bytes)
Event: 10.774 Thread 0x0000026742540710 nmethod 3594 0x0000026730a68e10 code [0x0000026730a68fe0, 0x0000026730a69358]
Event: 10.775 Thread 0x0000026742540710 3595       1       java.lang.Math::min (46 bytes)
Event: 10.775 Thread 0x0000026742540710 nmethod 3595 0x0000026730a69890 code [0x0000026730a69a40, 0x0000026730a69bb8]
Event: 10.775 Thread 0x0000026742540710 3596  s    1       java.io.FileDescriptor::close (9 bytes)
Event: 10.775 Thread 0x0000026742540710 nmethod 3596 0x0000026730a69c10 code [0x0000026730a69dc0, 0x0000026730a6a078]
Event: 10.775 Thread 0x0000026742540710 3597  s    1       java.io.FileDescriptor::unregisterCleanup (20 bytes)
Event: 10.775 Thread 0x0000026742540710 nmethod 3597 0x0000026730a6a190 code [0x0000026730a6a340, 0x0000026730a6a508]
Event: 10.775 Thread 0x0000026742540710 3598       1       jdk.internal.ref.PhantomCleanable::clear (12 bytes)
Event: 10.776 Thread 0x0000026742540710 nmethod 3598 0x0000026730a6a590 code [0x0000026730a6a740, 0x0000026730a6a858]
Event: 10.776 Thread 0x0000026742540710 3600       1       java.util.Hashtable::<init> (114 bytes)
Event: 10.777 Thread 0x0000026742540710 nmethod 3600 0x0000026730a6a910 code [0x0000026730a6abc0, 0x0000026730a6b4b8]

GC Heap History (20 events):
Event: 7.399 GC heap after
{Heap after GC invocations=10 (full 0):
 garbage-first heap   total 32768K, used 13136K [0x00000000e1a00000, 0x0000000100000000)
  region size 1024K, 2 young (2048K), 2 survivors (2048K)
 Metaspace       used 26802K, committed 27072K, reserved 1073152K
  class space    used 3229K, committed 3328K, reserved 1048576K
}
Event: 7.404 GC heap before
{Heap before GC invocations=10 (full 0):
 garbage-first heap   total 32768K, used 22352K [0x00000000e1a00000, 0x0000000100000000)
  region size 1024K, 12 young (12288K), 2 survivors (2048K)
 Metaspace       used 26867K, committed 27136K, reserved 1073152K
  class space    used 3231K, committed 3328K, reserved 1048576K
}
Event: 7.407 GC heap after
{Heap after GC invocations=11 (full 0):
 garbage-first heap   total 39936K, used 13313K [0x00000000e1a00000, 0x0000000100000000)
  region size 1024K, 1 young (1024K), 1 survivors (1024K)
 Metaspace       used 26867K, committed 27136K, reserved 1073152K
  class space    used 3231K, committed 3328K, reserved 1048576K
}
Event: 7.422 GC heap before
{Heap before GC invocations=11 (full 0):
 garbage-first heap   total 39936K, used 28673K [0x00000000e1a00000, 0x0000000100000000)
  region size 1024K, 17 young (17408K), 1 survivors (1024K)
 Metaspace       used 26992K, committed 27264K, reserved 1081344K
  class space    used 3241K, committed 3328K, reserved 1048576K
}
Event: 7.424 GC heap after
{Heap after GC invocations=12 (full 0):
 garbage-first heap   total 39936K, used 13196K [0x00000000e1a00000, 0x0000000100000000)
  region size 1024K, 1 young (1024K), 1 survivors (1024K)
 Metaspace       used 26992K, committed 27264K, reserved 1081344K
  class space    used 3241K, committed 3328K, reserved 1048576K
}
Event: 7.927 GC heap before
{Heap before GC invocations=12 (full 0):
 garbage-first heap   total 39936K, used 30604K [0x00000000e1a00000, 0x0000000100000000)
  region size 1024K, 19 young (19456K), 1 survivors (1024K)
 Metaspace       used 28784K, committed 29120K, reserved 1081344K
  class space    used 3442K, committed 3584K, reserved 1048576K
}
Event: 7.930 GC heap after
{Heap after GC invocations=13 (full 0):
 garbage-first heap   total 39936K, used 13414K [0x00000000e1a00000, 0x0000000100000000)
  region size 1024K, 1 young (1024K), 1 survivors (1024K)
 Metaspace       used 28784K, committed 29120K, reserved 1081344K
  class space    used 3442K, committed 3584K, reserved 1048576K
}
Event: 8.487 GC heap before
{Heap before GC invocations=13 (full 0):
 garbage-first heap   total 39936K, used 31846K [0x00000000e1a00000, 0x0000000100000000)
  region size 1024K, 19 young (19456K), 1 survivors (1024K)
 Metaspace       used 30179K, committed 30528K, reserved 1081344K
  class space    used 3683K, committed 3840K, reserved 1048576K
}
Event: 8.491 GC heap after
{Heap after GC invocations=14 (full 0):
 garbage-first heap   total 39936K, used 14488K [0x00000000e1a00000, 0x0000000100000000)
  region size 1024K, 2 young (2048K), 2 survivors (2048K)
 Metaspace       used 30179K, committed 30528K, reserved 1081344K
  class space    used 3683K, committed 3840K, reserved 1048576K
}
Event: 9.062 GC heap before
{Heap before GC invocations=14 (full 0):
 garbage-first heap   total 39936K, used 31896K [0x00000000e1a00000, 0x0000000100000000)
  region size 1024K, 19 young (19456K), 2 survivors (2048K)
 Metaspace       used 32044K, committed 32448K, reserved 1081344K
  class space    used 3963K, committed 4160K, reserved 1048576K
}
Event: 9.069 GC heap after
{Heap after GC invocations=15 (full 0):
 garbage-first heap   total 39936K, used 15536K [0x00000000e1a00000, 0x0000000100000000)
  region size 1024K, 3 young (3072K), 3 survivors (3072K)
 Metaspace       used 32044K, committed 32448K, reserved 1081344K
  class space    used 3963K, committed 4160K, reserved 1048576K
}
Event: 9.810 GC heap before
{Heap before GC invocations=15 (full 0):
 garbage-first heap   total 39936K, used 31920K [0x00000000e1a00000, 0x0000000100000000)
  region size 1024K, 19 young (19456K), 3 survivors (3072K)
 Metaspace       used 34602K, committed 35008K, reserved 1081344K
  class space    used 4421K, committed 4608K, reserved 1048576K
}
Event: 9.819 GC heap after
{Heap after GC invocations=16 (full 0):
 garbage-first heap   total 39936K, used 16496K [0x00000000e1a00000, 0x0000000100000000)
  region size 1024K, 3 young (3072K), 3 survivors (3072K)
 Metaspace       used 34602K, committed 35008K, reserved 1081344K
  class space    used 4421K, committed 4608K, reserved 1048576K
}
Event: 9.994 GC heap before
{Heap before GC invocations=16 (full 0):
 garbage-first heap   total 39936K, used 20592K [0x00000000e1a00000, 0x0000000100000000)
  region size 1024K, 8 young (8192K), 3 survivors (3072K)
 Metaspace       used 35276K, committed 35648K, reserved 1081344K
  class space    used 4528K, committed 4672K, reserved 1048576K
}
Event: 10.000 GC heap after
{Heap after GC invocations=17 (full 0):
 garbage-first heap   total 39936K, used 16900K [0x00000000e1a00000, 0x0000000100000000)
  region size 1024K, 2 young (2048K), 2 survivors (2048K)
 Metaspace       used 35276K, committed 35648K, reserved 1081344K
  class space    used 4528K, committed 4672K, reserved 1048576K
}
Event: 10.501 GC heap before
{Heap before GC invocations=18 (full 0):
 garbage-first heap   total 39936K, used 31236K [0x00000000e1a00000, 0x0000000100000000)
  region size 1024K, 16 young (16384K), 2 survivors (2048K)
 Metaspace       used 37480K, committed 37888K, reserved 1089536K
  class space    used 4875K, committed 5056K, reserved 1048576K
}
Event: 10.512 GC heap after
{Heap after GC invocations=19 (full 0):
 garbage-first heap   total 39936K, used 18250K [0x00000000e1a00000, 0x0000000100000000)
  region size 1024K, 2 young (2048K), 2 survivors (2048K)
 Metaspace       used 37480K, committed 37888K, reserved 1089536K
  class space    used 4875K, committed 5056K, reserved 1048576K
}
Event: 10.723 GC heap before
{Heap before GC invocations=19 (full 0):
 garbage-first heap   total 39936K, used 30538K [0x00000000e1a00000, 0x0000000100000000)
  region size 1024K, 15 young (15360K), 2 survivors (2048K)
 Metaspace       used 38723K, committed 39104K, reserved 1089536K
  class space    used 4993K, committed 5184K, reserved 1048576K
}
Event: 10.732 GC heap after
{Heap after GC invocations=20 (full 0):
 garbage-first heap   total 39936K, used 19017K [0x00000000e1a00000, 0x0000000100000000)
  region size 1024K, 1 young (1024K), 1 survivors (1024K)
 Metaspace       used 38723K, committed 39104K, reserved 1089536K
  class space    used 4993K, committed 5184K, reserved 1048576K
}
Event: 10.787 GC heap before
{Heap before GC invocations=20 (full 0):
 garbage-first heap   total 39936K, used 30281K [0x00000000e1a00000, 0x0000000100000000)
  region size 1024K, 13 young (13312K), 1 survivors (1024K)
 Metaspace       used 38723K, committed 39104K, reserved 1089536K
  class space    used 4993K, committed 5184K, reserved 1048576K
}

Deoptimization events (2 events):
Event: 9.044 Thread 0x000002672c8c6960 DEOPT PACKING pc=0x000002673080a73c sp=0x000000717affd430
Event: 9.045 Thread 0x000002672c8c6960 DEOPT UNPACKING pc=0x000002672fe7dece sp=0x000000717affc988 mode 0

Classes unloaded (0 events):
No events

Classes redefined (0 events):
No events

Internal exceptions (20 events):
Event: 9.982 Thread 0x000002672c8c6960 Exception <a 'java/lang/ClassNotFoundException'{0x00000000e3dff898}: org/springframework/beans/factory/BeanFactoryAwareCustomizer> (0x00000000e3dff898) 
thrown [t:\workspace\open\src\hotspot\share\classfile\systemDictionary.cpp, line 256]
Event: 9.982 Thread 0x000002672c8c6960 Exception <a 'java/lang/ClassNotFoundException'{0x00000000e3c06100}: org/springframework/beans/factory/AwareCustomizer> (0x00000000e3c06100) 
thrown [t:\workspace\open\src\hotspot\share\classfile\systemDictionary.cpp, line 256]
Event: 9.983 Thread 0x000002672c8c6960 Exception <a 'java/lang/ClassNotFoundException'{0x00000000e3c0a670}: org/springframework/core/OrderedCustomizer> (0x00000000e3c0a670) 
thrown [t:\workspace\open\src\hotspot\share\classfile\systemDictionary.cpp, line 256]
Event: 9.983 Thread 0x000002672c8c6960 Exception <a 'java/lang/ClassNotFoundException'{0x00000000e3c0fda0}: org/springframework/beans/factory/BeanClassLoaderAwareCustomizer> (0x00000000e3c0fda0) 
thrown [t:\workspace\open\src\hotspot\share\classfile\systemDictionary.cpp, line 256]
Event: 9.983 Thread 0x000002672c8c6960 Exception <a 'java/lang/ClassNotFoundException'{0x00000000e3c15540}: org/springframework/beans/factory/AwareCustomizer> (0x00000000e3c15540) 
thrown [t:\workspace\open\src\hotspot\share\classfile\systemDictionary.cpp, line 256]
Event: 9.984 Thread 0x000002672c8c6960 Exception <a 'java/lang/ClassNotFoundException'{0x00000000e3c1a130}: org/springframework/aop/framework/AopInfrastructureBeanCustomizer> (0x00000000e3c1a130) 
thrown [t:\workspace\open\src\hotspot\share\classfile\systemDictionary.cpp, line 256]
Event: 10.066 Thread 0x000002672c8c6960 Exception <a 'java/lang/ClassNotFoundException'{0x00000000e3fee0e0}: java/lang/ObjectCustomizer> (0x00000000e3fee0e0) 
thrown [t:\workspace\open\src\hotspot\share\classfile\systemDictionary.cpp, line 256]
Event: 10.068 Thread 0x000002672c8c6960 Exception <a 'java/lang/ClassNotFoundException'{0x00000000e3ff68f8}: org/springframework/transaction/annotation/AbstractTransactionManagementConfigurationCustomizer> (0x00000000e3ff68f8) 
thrown [t:\workspace\open\src\hotspot\share\classfile\systemDictionary.cpp, line 256]
Event: 10.069 Thread 0x000002672c8c6960 Exception <a 'java/lang/ClassNotFoundException'{0x00000000e3ffe148}: org/springframework/transaction/annotation/ProxyTransactionManagementConfigurationCustomizer> (0x00000000e3ffe148) 
thrown [t:\workspace\open\src\hotspot\share\classfile\systemDictionary.cpp, line 256]
Event: 10.070 Thread 0x000002672c8c6960 Exception <a 'java/lang/ClassNotFoundException'{0x00000000e3e07478}: org/springframework/context/annotation/ImportAwareCustomizer> (0x00000000e3e07478) 
thrown [t:\workspace\open\src\hotspot\share\classfile\systemDictionary.cpp, line 256]
Event: 10.072 Thread 0x000002672c8c6960 Exception <a 'java/lang/ClassNotFoundException'{0x00000000e3e0d038}: org/springframework/beans/factory/AwareCustomizer> (0x00000000e3e0d038) 
thrown [t:\workspace\open\src\hotspot\share\classfile\systemDictionary.cpp, line 256]
Event: 10.134 Thread 0x000002672c8c6960 Exception <a 'java/lang/NoSuchMethodError'{0x00000000e3dc96a0}: 'java.lang.Object java.lang.invoke.DirectMethodHandle$Holder.invokeSpecialIFC(java.lang.Object, java.lang.Object, java.lang.Object)'> (0x00000000e3dc96a0) 
thrown [t:\workspace\open\src\hotspot\share\interpreter\linkResolver.cpp, line 790]
Event: 10.203 Thread 0x000002672c8c6960 Exception <a 'java/lang/UnsatisfiedLinkError'{0x00000000e3ce5cd8}> (0x00000000e3ce5cd8) 
thrown [t:\workspace\open\src\hotspot\share\prims\jvm.cpp, line 3639]
Event: 10.203 Thread 0x000002672c8c6960 Exception <a 'java/lang/UnsatisfiedLinkError'{0x00000000e3ce5cd8}> (0x00000000e3ce5cd8) 
thrown [t:\workspace\open\src\hotspot\share\prims\jni.cpp, line 579]
Event: 10.210 Thread 0x000002672c8c6960 Exception <a 'java/lang/NoClassDefFoundError'{0x00000000e3904698}: sun/reflect/Reflection> (0x00000000e3904698) 
thrown [t:\workspace\open\src\hotspot\share\classfile\systemDictionary.cpp, line 245]
Event: 10.313 Thread 0x000002672c8c6960 Exception <a 'java/lang/NoSuchMethodError'{0x00000000e37ba1e0}: 'void java.lang.invoke.DirectMethodHandle$Holder.invokeInterface(java.lang.Object, java.lang.Object, int)'> (0x00000000e37ba1e0) 
thrown [t:\workspace\open\src\hotspot\share\interpreter\linkResolver.cpp, line 790]
Event: 10.321 Thread 0x000002672c8c6960 Exception <a 'java/lang/IncompatibleClassChangeError'{0x00000000e3612cf8}: Found class java.lang.Object, but interface was expected> (0x00000000e3612cf8) 
thrown [t:\workspace\open\src\hotspot\share\interpreter\linkResolver.cpp, line 857]
Event: 10.322 Thread 0x000002672c8c6960 Exception <a 'java/lang/NoSuchMethodError'{0x00000000e3618130}: 'void java.lang.invoke.DirectMethodHandle$Holder.invokeStatic(java.lang.Object, int, java.lang.Object)'> (0x00000000e3618130) 
thrown [t:\workspace\open\src\hotspot\share\interpreter\linkResolver.cpp, line 790]
Event: 10.328 Thread 0x000002672c8c6960 Exception <a 'java/lang/NoSuchMethodError'{0x00000000e3648718}: 'int java.lang.invoke.DirectMethodHandle$Holder.invokeSpecial(java.lang.Object, java.lang.Object, int)'> (0x00000000e3648718) 
thrown [t:\workspace\open\src\hotspot\share\interpreter\linkResolver.cpp, line 790]
Event: 10.425 Thread 0x0000026743bf8cd0 Exception <a 'java/lang/reflect/InvocationTargetException'{0x00000000e3381db8}> (0x00000000e3381db8) 
thrown [t:\workspace\open\src\hotspot\share\runtime\reflection.cpp, line 1157]

Events (20 events):
Event: 10.636 loading class java/lang/ThreadLocal$SuppliedThreadLocal done
Event: 10.658 Executing  VM operation: HandshakeAllThreads
Event: 10.658 Executing  VM operation: HandshakeAllThreads done
Event: 10.659 Executing  VM operation: HandshakeAllThreads
Event: 10.659 Executing  VM operation: HandshakeAllThreads done
Event: 10.674 loading class java/util/jar/JarInputStream
Event: 10.674 loading class java/util/zip/ZipInputStream
Event: 10.675 loading class java/util/zip/ZipInputStream done
Event: 10.675 loading class java/util/jar/JarInputStream done
Event: 10.675 loading class java/io/PushbackInputStream
Event: 10.675 loading class java/io/PushbackInputStream done
Event: 10.676 loading class java/util/jar/JarVerifier
Event: 10.676 loading class java/util/jar/JarVerifier done
Event: 10.676 loading class java/security/CodeSigner
Event: 10.677 loading class java/security/CodeSigner done
Event: 10.677 loading class sun/security/util/ManifestEntryVerifier
Event: 10.678 loading class sun/security/util/ManifestEntryVerifier done
Event: 10.723 Executing  VM operation: G1CollectForAllocation
Event: 10.732 Executing  VM operation: G1CollectForAllocation done
Event: 10.787 Executing  VM operation: G1CollectForAllocation


Dynamic libraries:
0x00007ff697680000 - 0x00007ff69768e000 	C:\spring\sts-4.11.1.RELEASE\plugins\org.eclipse.justj.openjdk.hotspot.jre.full.win32.x86_64_16.0.2.v20210721-1149\jre\bin\javaw.exe
0x00007ffb77b70000 - 0x00007ffb77d65000 	C:\Windows\SYSTEM32\ntdll.dll
0x00007ffb76dc0000 - 0x00007ffb76e7e000 	C:\Windows\System32\KERNEL32.DLL
0x00007ffb75620000 - 0x00007ffb758e8000 	C:\Windows\System32\KERNELBASE.dll
0x00007ffb75280000 - 0x00007ffb75380000 	C:\Windows\System32\ucrtbase.dll
0x00007ffb6ed40000 - 0x00007ffb6ed58000 	C:\spring\sts-4.11.1.RELEASE\plugins\org.eclipse.justj.openjdk.hotspot.jre.full.win32.x86_64_16.0.2.v20210721-1149\jre\bin\jli.dll
0x00007ffb6ecc0000 - 0x00007ffb6ecd9000 	C:\spring\sts-4.11.1.RELEASE\plugins\org.eclipse.justj.openjdk.hotspot.jre.full.win32.x86_64_16.0.2.v20210721-1149\jre\bin\VCRUNTIME140.dll
0x00007ffb766e0000 - 0x00007ffb76880000 	C:\Windows\System32\USER32.dll
0x00007ffb646c0000 - 0x00007ffb6495a000 	C:\Windows\WinSxS\amd64_microsoft.windows.common-controls_6595b64144ccf1df_6.0.19041.1110_none_60b5254171f9507e\COMCTL32.dll
0x00007ffb75b90000 - 0x00007ffb75bb2000 	C:\Windows\System32\win32u.dll
0x00007ffb75ec0000 - 0x00007ffb75f5e000 	C:\Windows\System32\msvcrt.dll
0x00007ffb76f10000 - 0x00007ffb76f3b000 	C:\Windows\System32\GDI32.dll
0x00007ffb75380000 - 0x00007ffb7548d000 	C:\Windows\System32\gdi32full.dll
0x00007ffb75a40000 - 0x00007ffb75add000 	C:\Windows\System32\msvcp_win.dll
0x00007ffb76230000 - 0x00007ffb76260000 	C:\Windows\System32\IMM32.DLL
0x00007ffb72a90000 - 0x00007ffb72a9c000 	C:\spring\sts-4.11.1.RELEASE\plugins\org.eclipse.justj.openjdk.hotspot.jre.full.win32.x86_64_16.0.2.v20210721-1149\jre\bin\vcruntime140_1.dll
0x00007ffb4e4a0000 - 0x00007ffb4e531000 	C:\spring\sts-4.11.1.RELEASE\plugins\org.eclipse.justj.openjdk.hotspot.jre.full.win32.x86_64_16.0.2.v20210721-1149\jre\bin\msvcp140.dll
0x00007ffb25f90000 - 0x00007ffb26b3b000 	C:\spring\sts-4.11.1.RELEASE\plugins\org.eclipse.justj.openjdk.hotspot.jre.full.win32.x86_64_16.0.2.v20210721-1149\jre\bin\server\jvm.dll
0x00007ffb75e10000 - 0x00007ffb75ebe000 	C:\Windows\System32\ADVAPI32.dll
0x00007ffb75d70000 - 0x00007ffb75e0c000 	C:\Windows\System32\sechost.dll
0x00007ffb75f60000 - 0x00007ffb76085000 	C:\Windows\System32\RPCRT4.dll
0x00007ffb766d0000 - 0x00007ffb766d8000 	C:\Windows\System32\PSAPI.DLL
0x00007ffb61770000 - 0x00007ffb61797000 	C:\Windows\SYSTEM32\WINMM.dll
0x00007ffb72ac0000 - 0x00007ffb72ac9000 	C:\Windows\SYSTEM32\WSOCK32.dll
0x00007ffb761c0000 - 0x00007ffb7622b000 	C:\Windows\System32\WS2_32.dll
0x00007ffb65e10000 - 0x00007ffb65e1a000 	C:\Windows\SYSTEM32\VERSION.dll
0x00007ffb73170000 - 0x00007ffb73182000 	C:\Windows\SYSTEM32\kernel.appcore.dll
0x00007ffb6f940000 - 0x00007ffb6f94a000 	C:\spring\sts-4.11.1.RELEASE\plugins\org.eclipse.justj.openjdk.hotspot.jre.full.win32.x86_64_16.0.2.v20210721-1149\jre\bin\jimage.dll
0x00007ffb64f30000 - 0x00007ffb65114000 	C:\Windows\SYSTEM32\DBGHELP.DLL
0x00007ffb64ca0000 - 0x00007ffb64ccc000 	C:\Windows\SYSTEM32\dbgcore.DLL
0x00007ffb759b0000 - 0x00007ffb75a32000 	C:\Windows\System32\bcryptPrimitives.dll
0x00007ffb6eda0000 - 0x00007ffb6edc5000 	C:\spring\sts-4.11.1.RELEASE\plugins\org.eclipse.justj.openjdk.hotspot.jre.full.win32.x86_64_16.0.2.v20210721-1149\jre\bin\java.dll
0x00007ffb6bea0000 - 0x00007ffb6beb8000 	C:\spring\sts-4.11.1.RELEASE\plugins\org.eclipse.justj.openjdk.hotspot.jre.full.win32.x86_64_16.0.2.v20210721-1149\jre\bin\zip.dll
0x00007ffb76ff0000 - 0x00007ffb77734000 	C:\Windows\System32\SHELL32.dll
0x00007ffb73370000 - 0x00007ffb73b04000 	C:\Windows\SYSTEM32\windows.storage.dll
0x00007ffb77740000 - 0x00007ffb77a95000 	C:\Windows\System32\combase.dll
0x00007ffb74c00000 - 0x00007ffb74c2e000 	C:\Windows\SYSTEM32\Wldp.dll
0x00007ffb76f40000 - 0x00007ffb76fed000 	C:\Windows\System32\SHCORE.dll
0x00007ffb76880000 - 0x00007ffb768d5000 	C:\Windows\System32\shlwapi.dll
0x00007ffb751c0000 - 0x00007ffb751df000 	C:\Windows\SYSTEM32\profapi.dll
0x00007ffb6ad90000 - 0x00007ffb6ada9000 	C:\spring\sts-4.11.1.RELEASE\plugins\org.eclipse.justj.openjdk.hotspot.jre.full.win32.x86_64_16.0.2.v20210721-1149\jre\bin\net.dll
0x00007ffb68040000 - 0x00007ffb6814c000 	C:\Windows\SYSTEM32\WINHTTP.dll
0x00007ffb74960000 - 0x00007ffb749ca000 	C:\Windows\system32\mswsock.dll
0x00007ffb6a860000 - 0x00007ffb6a873000 	C:\spring\sts-4.11.1.RELEASE\plugins\org.eclipse.justj.openjdk.hotspot.jre.full.win32.x86_64_16.0.2.v20210721-1149\jre\bin\nio.dll
0x00007ffb6e7a0000 - 0x00007ffb6e7a9000 	C:\spring\sts-4.11.1.RELEASE\plugins\org.eclipse.justj.openjdk.hotspot.jre.full.win32.x86_64_16.0.2.v20210721-1149\jre\bin\management.dll
0x00007ffb6e790000 - 0x00007ffb6e79b000 	C:\spring\sts-4.11.1.RELEASE\plugins\org.eclipse.justj.openjdk.hotspot.jre.full.win32.x86_64_16.0.2.v20210721-1149\jre\bin\management_ext.dll
0x00007ffb70280000 - 0x00007ffb70297000 	C:\Windows\system32\napinsp.dll
0x00007ffb6ef20000 - 0x00007ffb6ef3b000 	C:\Windows\system32\pnrpnsp.dll
0x00007ffb56ed0000 - 0x00007ffb56ee5000 	C:\Windows\system32\wshbth.dll
0x00007ffb70c60000 - 0x00007ffb70c7d000 	C:\Windows\system32\NLAapi.dll
0x00007ffb74650000 - 0x00007ffb7468b000 	C:\Windows\SYSTEM32\IPHLPAPI.DLL
0x00007ffb74690000 - 0x00007ffb7475b000 	C:\Windows\SYSTEM32\DNSAPI.dll
0x00007ffb761b0000 - 0x00007ffb761b8000 	C:\Windows\System32\NSI.dll
0x00007ffb6ee60000 - 0x00007ffb6ee72000 	C:\Windows\System32\winrnr.dll
0x00007ffb67d00000 - 0x00007ffb67d0a000 	C:\Windows\System32\rasadhlp.dll
0x00007ffb67e80000 - 0x00007ffb67eff000 	C:\Windows\System32\fwpuclnt.dll
0x00007ffb75490000 - 0x00007ffb754b7000 	C:\Windows\System32\bcrypt.dll
0x00007ffb74b50000 - 0x00007ffb74b68000 	C:\Windows\SYSTEM32\CRYPTSP.dll
0x00007ffb742e0000 - 0x00007ffb74314000 	C:\Windows\system32\rsaenh.dll
0x00007ffb75180000 - 0x00007ffb751ae000 	C:\Windows\SYSTEM32\USERENV.dll
0x00007ffb74b70000 - 0x00007ffb74b7c000 	C:\Windows\SYSTEM32\CRYPTBASE.dll
0x00007ffb6d4b0000 - 0x00007ffb6d4c7000 	C:\Windows\SYSTEM32\dhcpcsvc6.DLL
0x00007ffb6d490000 - 0x00007ffb6d4ad000 	C:\Windows\SYSTEM32\dhcpcsvc.DLL
0x00007ffb6ee00000 - 0x00007ffb6ee10000 	C:\spring\sts-4.11.1.RELEASE\plugins\org.eclipse.justj.openjdk.hotspot.jre.full.win32.x86_64_16.0.2.v20210721-1149\jre\bin\verify.dll

dbghelp: loaded successfully - version: 4.0.5 - missing functions: none
symbol engine: initialized successfully - sym options: 0x614 - pdb path: .;C:\spring\sts-4.11.1.RELEASE\plugins\org.eclipse.justj.openjdk.hotspot.jre.full.win32.x86_64_16.0.2.v20210721-1149\jre\bin;C:\Windows\SYSTEM32;C:\Windows\WinSxS\amd64_microsoft.windows.common-controls_6595b64144ccf1df_6.0.19041.1110_none_60b5254171f9507e;C:\spring\sts-4.11.1.RELEASE\plugins\org.eclipse.justj.openjdk.hotspot.jre.full.win32.x86_64_16.0.2.v20210721-1149\jre\bin\server

VM Arguments:
jvm_args: -Dcom.sun.management.jmxremote -Dcom.sun.management.jmxremote.port=58190 -Dcom.sun.management.jmxremote.authenticate=false -Dcom.sun.management.jmxremote.ssl=false -Djava.rmi.server.hostname=localhost -Dspring.jmx.enabled=true -Dspring.application.admin.enabled=true -XX:TieredStopAtLevel=1 -Dspring.boot.project.name=Work -Dfile.encoding=UTF-8 -XX:+ShowCodeDetailsInExceptionMessages 
java_command: tn.esprit.Work.WorkApplication --spring.output.ansi.enabled=always
java_class_path (initial): C:\Users\Ines Nfougui\Desktop\ines\Work\target\classes;C:\Users\Ines Nfougui\.m2\repository\commons-io\commons-io\2.5\commons-io-2.5.jar;C:\Users\Ines Nfougui\.m2\repository\com\squareup\okhttp\okhttp\2.7.5\okhttp-2.7.5.jar;C:\Users\Ines Nfougui\.m2\repository\com\squareup\okio\okio\1.6.0\okio-1.6.0.jar;C:\Users\Ines Nfougui\.m2\repository\org\json\json\20080701\json-20080701.jar;C:\Users\Ines Nfougui\.m2\repository\org\apache\httpcomponents\httpclient\4.5.13\httpclient-4.5.13.jar;C:\Users\Ines Nfougui\.m2\repository\org\apache\httpcomponents\httpcore\4.4.14\httpcore-4.4.14.jar;C:\Users\Ines Nfougui\.m2\repository\commons-codec\commons-codec\1.15\commons-codec-1.15.jar;C:\Users\Ines Nfougui\.m2\repository\org\springframework\boot\spring-boot-starter-validation\2.4.4\spring-boot-starter-validation-2.4.4.jar;C:\Users\Ines Nfougui\.m2\repository\org\springframework\boot\spring-boot-starter\2.4.4\spring-boot-starter-2.4.4.jar;C:\Users\Ines Nfougui\.m2\repository\org\springframework\boot\spring-boot\2.4.4\spring-boot-2.4.4.jar;C:\Users\Ines Nfougui\.m2\repository\org\springframework\boot\spring-boot-autoconfigure\2.4.4\spring-boot-autoconfigure-2.4.4.jar;C:\Users\Ines Nfougui\.m2\repository\org\springframework\boot\spring-boot-starter-logging\2.4.4\spring-boot-starter-logging-2.4.4.jar;C:\Users\Ines Nfougui\.m2\repository\ch\qos\logback\logback-classic\1.2.3\logback-classic-1.2.3.jar;C:\Users\Ines Nfougui\.m2\repository\ch\qos\logback\logback-core\1.2.3\logback-core-1.2.3.jar;C:\Users\Ines Nfougui\.m2\repository\org\apache\logging\log4j\log4j-to-slf4j\2.13.3\log4j-to-slf4j-2.13.3.jar;C:\Users\Ines Nfougui\.m2\repository\org\apache\logging\log4j\log4j-api\2.13.3\log4j-api-2.13.3.jar;C:\Users\Ines Nfougui\.m2\repository\org\slf4j\jul-to-slf4j\1.7.30\jul-to-slf4j-1.7.30.jar;C:\Users\Ines Nfougui\.m2\repository\jakarta\annotation\jakarta.annotation-api\1.3.5\jakarta.annotation-api-1.3.5.jar;C:\Users\Ines Nfougui\.m2\repository\org\yaml\snakeyaml\
Launcher Type: SUN_STANDARD

[Global flags]
     intx CICompilerCount                          = 3                                         {product} {ergonomic}
     uint ConcGCThreads                            = 1                                         {product} {ergonomic}
     uint G1ConcRefinementThreads                  = 4                                         {product} {ergonomic}
   size_t G1HeapRegionSize                         = 1048576                                   {product} {ergonomic}
    uintx GCDrainStackTargetSize                   = 64                                        {product} {ergonomic}
   size_t InitialHeapSize                          = 33554432                                  {product} {ergonomic}
     bool ManagementServer                         = true                                      {product} {command line}
   size_t MarkStackSize                            = 4194304                                   {product} {ergonomic}
   size_t MaxHeapSize                              = 509607936                                 {product} {ergonomic}
   size_t MaxNewSize                               = 305135616                                 {product} {ergonomic}
   size_t MinHeapDeltaBytes                        = 1048576                                   {product} {ergonomic}
   size_t MinHeapSize                              = 8388608                                   {product} {ergonomic}
    uintx NonNMethodCodeHeapSize                   = 6973028                                {pd product} {ergonomic}
    uintx NonProfiledCodeHeapSize                  = 244685212                              {pd product} {ergonomic}
    uintx ProfiledCodeHeapSize                     = 0                                      {pd product} {ergonomic}
    uintx ReservedCodeCacheSize                    = 251658240                              {pd product} {ergonomic}
     bool SegmentedCodeCache                       = true                                      {product} {ergonomic}
     bool ShowCodeDetailsInExceptionMessages       = true                                   {manageable} {command line}
   size_t SoftMaxHeapSize                          = 509607936                              {manageable} {ergonomic}
     intx TieredStopAtLevel                        = 1                                         {product} {command line}
     bool UseCompressedClassPointers               = true                           {product lp64_product} {ergonomic}
     bool UseCompressedOops                        = true                           {product lp64_product} {ergonomic}
     bool UseG1GC                                  = true                                      {product} {ergonomic}
     bool UseLargePagesIndividualAllocation        = false                                  {pd product} {ergonomic}

Logging:
Log output configuration:
 #0: stdout all=warning uptime,level,tags
 #1: stderr all=off uptime,level,tags

Environment Variables:
PATH=C:/spring/sts-4.11.1.RELEASE//plugins/org.eclipse.justj.openjdk.hotspot.jre.full.win32.x86_64_16.0.2.v20210721-1149/jre/bin/server;C:/spring/sts-4.11.1.RELEASE//plugins/org.eclipse.justj.openjdk.hotspot.jre.full.win32.x86_64_16.0.2.v20210721-1149/jre/bin;C:\Program Files (x86)\VMware\VMware Workstation\bin\;C:\oraclexe\app\oracle\product\10.2.0\server\bin;C:\ProgramData\Oracle\Java\javapath;C:\Windows\system32;C:\Windows;C:\Windows\System32\Wbem;C:\Windows\System32\WindowsPowerShell\v1.0\;C:\Windows\System32\OpenSSH\;C:\Program Files\Java\jdk1.8.0_60\bin;C:\spring\apache-tomcat-8.5.28\bin;C:\composer;C:\xampp\php;C:\wamp64;C:\Program Files\dotnet\;C:\Program Files\Microsoft SQL Server\130\Tools\Binn\;C:\Program Files\Microsoft SQL Server\Client SDK\ODBC\170\Tools\Binn\;C:\Program Files\nodejs\;C:\Program Files\Git\cmd;C:\Users\Ines Nfougui\AppData\Local\Microsoft\WindowsApps;C:\Users\Ines Nfougui\AppData\Local\GitHubDesktop\bin;C:\xampp\php;C:\Users\Ines Nfougui\AppData\Roaming\Composer\vendor\bin;C:\wamp64\bin\php\php7.4.9;C:\Users\Ines Nfougui\.dotnet\tools;C:\Users\Ines Nfougui\AppData\Roaming\npm;C:\Users\Ines Nfougui\AppData\Local\Programs\Microsoft VS Code\bin;C:\spring\sts-4.11.1.RELEASE;
USERNAME=Ines Nfougui
OS=Windows_NT
PROCESSOR_IDENTIFIER=Intel64 Family 6 Model 58 Stepping 9, GenuineIntel



---------------  S Y S T E M  ---------------

OS:
 Windows 10 , 64 bit Build 19041 (10.0.19041.1503)
OS uptime: 0 days 11:05 hours

CPU: total 4 (initial active 4) (2 cores per cpu, 2 threads per core) family 6 model 58 stepping 9 microcode 0x21, cx8, cmov, fxsr, ht, mmx, sse, sse2, sse3, ssse3, sse4.1, sse4.2, popcnt, tsc, tscinvbit, avx, aes, erms, clmul, vzeroupper, clflush

Memory: 4k page, system-wide physical 1940M (245M free)
TotalPageFile size 7828M (AvailPageFile size 29M)
current process WorkingSet (physical memory assigned to process): 119M, peak: 119M
current process commit charge ("private bytes"): 157M, peak: 198M

vm_info: OpenJDK 64-Bit Server VM (16.0.2+7-67) for windows-amd64 JRE (16.0.2+7-67), built on Jun  8 2021 23:21:43 by "mach5one" with MS VC++ 16.7 (VS2019)

END.
