#
# There is insufficient memory for the Java Runtime Environment to continue.
# Native memory allocation (mmap) failed to map 61865984 bytes for G1 virtual space
# Possible reasons:
#   The system is out of physical RAM or swap space
#   The process is running with CompressedOops enabled, and the Java Heap may be blocking the growth of the native heap
# Possible solutions:
#   Reduce memory load on the system
#   Increase physical memory or swap space
#   Check if swap backing store is full
#   Decrease Java heap size (-Xmx/-Xms)
#   Decrease number of Java threads
#   Decrease Java thread stack sizes (-Xss)
#   Set larger code cache with -XX:ReservedCodeCacheSize=
#   JVM is running with Unscaled Compressed Oops mode in which the Java heap is
#     placed in the first 4GB address space. The Java Heap base address is the
#     maximum limit for the native heap growth. Please use -XX:HeapBaseMinAddress
#     to set the Java Heap base and to place the Java Heap above 4GB virtual address.
# This output file may be truncated or incomplete.
#
#  Out of Memory Error (os_windows.cpp:3466), pid=7008, tid=7124
#
# JRE version: OpenJDK Runtime Environment (16.0.2+7) (build 16.0.2+7-67)
# Java VM: OpenJDK 64-Bit Server VM (16.0.2+7-67, mixed mode, tiered, compressed oops, compressed class ptrs, g1 gc, windows-amd64)
# No core dump will be written. Minidumps are not enabled by default on client versions of Windows
#

---------------  S U M M A R Y ------------

Command Line: -Dcom.sun.management.jmxremote -Dcom.sun.management.jmxremote.port=58146 -Dcom.sun.management.jmxremote.authenticate=false -Dcom.sun.management.jmxremote.ssl=false -Djava.rmi.server.hostname=localhost -Dspring.jmx.enabled=true -Dspring.application.admin.enabled=true -XX:TieredStopAtLevel=1 -Dspring.boot.project.name=Work -Dfile.encoding=UTF-8 -XX:+ShowCodeDetailsInExceptionMessages tn.esprit.Work.WorkApplication --spring.output.ansi.enabled=always

Host: Intel(R) Core(TM) i5-3317U CPU @ 1.70GHz, 4 cores, 1G,  Windows 10 , 64 bit Build 19041 (10.0.19041.1503)
Time: Tue Mar  1 01:20:29 2022 Paris, Madrid elapsed time: 12.454236 seconds (0d 0h 0m 12s)

---------------  T H R E A D  ---------------

Current thread (0x000002d6e333e5a0):  VMThread "VM Thread" [stack: 0x000000d894a00000,0x000000d894b00000] [id=7124]

Stack: [0x000000d894a00000,0x000000d894b00000]
Native frames: (J=compiled Java code, j=interpreted, Vv=VM code, C=native code)
V  [jvm.dll+0x6681ca]
V  [jvm.dll+0x7c9e69]
V  [jvm.dll+0x7cb61e]
V  [jvm.dll+0x7cbc73]
V  [jvm.dll+0x242c55]
V  [jvm.dll+0x664f89]
V  [jvm.dll+0x659b75]
V  [jvm.dll+0x2fbfbb]
V  [jvm.dll+0x3031b6]
V  [jvm.dll+0x35299e]
V  [jvm.dll+0x352bcf]
V  [jvm.dll+0x2d3028]
V  [jvm.dll+0x2d0bb5]
V  [jvm.dll+0x2d01ec]
V  [jvm.dll+0x3152d2]
V  [jvm.dll+0x7d00ab]
V  [jvm.dll+0x7d0da4]
V  [jvm.dll+0x7d12a9]
V  [jvm.dll+0x7d1564]
V  [jvm.dll+0x7d1630]
V  [jvm.dll+0x7795aa]
V  [jvm.dll+0x667066]
C  [ucrtbase.dll+0x21bb2]
C  [KERNEL32.DLL+0x17034]
C  [ntdll.dll+0x52651]

VM_Operation (0x000000d8944fcfb0): G1CollectForAllocation, mode: safepoint, requested by thread 0x000002d6cd726aa0


---------------  P R O C E S S  ---------------

Threads class SMR info:
_java_thread_list=0x000002d6e644b960, length=22, elements={
0x000002d6cd726aa0, 0x000002d6e335ac10, 0x000002d6e335b780, 0x000002d6e337f2d0,
0x000002d6e3381c00, 0x000002d6e3382510, 0x000002d6e3382e20, 0x000002d6e339b920,
0x000002d6e33ce940, 0x000002d6e4023060, 0x000002d6e4141240, 0x000002d6e48594f0,
0x000002d6e4859a10, 0x000002d6e47f5a50, 0x000002d6e578a050, 0x000002d6e578a5a0,
0x000002d6e578aaf0, 0x000002d6e5788070, 0x000002d6e578b040, 0x000002d6e5789b00,
0x000002d6e5789060, 0x000002d6e57885c0
}

Java Threads: ( => current thread )
  0x000002d6cd726aa0 JavaThread "main" [_thread_blocked, id=1648, stack(0x000000d894400000,0x000000d894500000)]
  0x000002d6e335ac10 JavaThread "Reference Handler" daemon [_thread_blocked, id=8940, stack(0x000000d894b00000,0x000000d894c00000)]
  0x000002d6e335b780 JavaThread "Finalizer" daemon [_thread_blocked, id=9908, stack(0x000000d894c00000,0x000000d894d00000)]
  0x000002d6e337f2d0 JavaThread "Signal Dispatcher" daemon [_thread_blocked, id=11912, stack(0x000000d894d00000,0x000000d894e00000)]
  0x000002d6e3381c00 JavaThread "Attach Listener" daemon [_thread_blocked, id=8248, stack(0x000000d894e00000,0x000000d894f00000)]
  0x000002d6e3382510 JavaThread "Service Thread" daemon [_thread_blocked, id=9988, stack(0x000000d894f00000,0x000000d895000000)]
  0x000002d6e3382e20 JavaThread "Monitor Deflation Thread" daemon [_thread_blocked, id=7256, stack(0x000000d895000000,0x000000d895100000)]
  0x000002d6e339b920 JavaThread "C1 CompilerThread0" daemon [_thread_blocked, id=4196, stack(0x000000d895100000,0x000000d895200000)]
  0x000002d6e33ce940 JavaThread "Sweeper thread" daemon [_thread_blocked, id=372, stack(0x000000d895200000,0x000000d895300000)]
  0x000002d6e4023060 JavaThread "Common-Cleaner" daemon [_thread_blocked, id=7080, stack(0x000000d895300000,0x000000d895400000)]
  0x000002d6e4141240 JavaThread "Notification Thread" daemon [_thread_blocked, id=11940, stack(0x000000d895400000,0x000000d895500000)]
  0x000002d6e48594f0 JavaThread "RMI TCP Accept-0" daemon [_thread_in_native, id=1080, stack(0x000000d895500000,0x000000d895600000)]
  0x000002d6e4859a10 JavaThread "RMI TCP Accept-58146" daemon [_thread_in_native, id=3576, stack(0x000000d895600000,0x000000d895700000)]
  0x000002d6e47f5a50 JavaThread "RMI TCP Accept-0" daemon [_thread_in_native, id=7160, stack(0x000000d895c00000,0x000000d895d00000)]
  0x000002d6e578a050 JavaThread "RMI TCP Connection(1)-127.0.0.1" daemon [_thread_in_native, id=10760, stack(0x000000d895e00000,0x000000d895f00000)]
  0x000002d6e578a5a0 JavaThread "RMI Scheduler(0)" daemon [_thread_blocked, id=8920, stack(0x000000d895f00000,0x000000d896000000)]
  0x000002d6e578aaf0 JavaThread "RMI TCP Connection(2)-127.0.0.1" daemon [_thread_in_native, id=4492, stack(0x000000d896000000,0x000000d896100000)]
  0x000002d6e5788070 JavaThread "JMX server connection timeout 21" daemon [_thread_blocked, id=6664, stack(0x000000d896100000,0x000000d896200000)]
  0x000002d6e578b040 JavaThread "Catalina-utility-1" [_thread_blocked, id=7580, stack(0x000000d896200000,0x000000d896300000)]
  0x000002d6e5789b00 JavaThread "Catalina-utility-2" [_thread_blocked, id=4680, stack(0x000000d896300000,0x000000d896400000)]
  0x000002d6e5789060 JavaThread "container-0" [_thread_blocked, id=10828, stack(0x000000d896400000,0x000000d896500000)]
  0x000002d6e57885c0 JavaThread "mysql-cj-abandoned-connection-cleanup" daemon [_thread_blocked, id=244, stack(0x000000d896500000,0x000000d896600000)]

Other Threads:
=>0x000002d6e333e5a0 VMThread "VM Thread" [stack: 0x000000d894a00000,0x000000d894b00000] [id=7124]
  0x000002d6e485a7d0 WatcherThread [stack: 0x000000d895d00000,0x000000d895e00000] [id=9948]
  0x000002d6cd749cd0 GCTaskThread "GC Thread#0" [stack: 0x000000d894500000,0x000000d894600000] [id=4960]
  0x000002d6e4857950 GCTaskThread "GC Thread#1" [stack: 0x000000d895700000,0x000000d895800000] [id=12860]
  0x000002d6e4858100 GCTaskThread "GC Thread#2" [stack: 0x000000d895800000,0x000000d895900000] [id=4996]
  0x000002d6e489c1a0 GCTaskThread "GC Thread#3" [stack: 0x000000d895900000,0x000000d895a00000] [id=1308]
  0x000002d6cd74e9e0 ConcurrentGCThread "G1 Main Marker" [stack: 0x000000d894600000,0x000000d894700000] [id=5204]
  0x000002d6cd74f3e0 ConcurrentGCThread "G1 Conc#0" [stack: 0x000000d894700000,0x000000d894800000] [id=5480]
  0x000002d6cd787a30 ConcurrentGCThread "G1 Refine#0" [stack: 0x000000d894800000,0x000000d894900000] [id=11920]
  0x000002d6e4857c60 ConcurrentGCThread "G1 Refine#1" [stack: 0x000000d895a00000,0x000000d895b00000] [id=10664]
  0x000002d6e4189c30 ConcurrentGCThread "G1 Refine#2" [stack: 0x000000d895b00000,0x000000d895c00000] [id=4260]
  0x000002d6cd789bf0 ConcurrentGCThread "G1 Service" [stack: 0x000000d894900000,0x000000d894a00000] [id=848]

Threads with active compile tasks:

VM state: at safepoint (normal execution)

VM Mutex/Monitor currently owned by a thread:  ([mutex/lock_event])
[0x000002d6cd725810] Threads_lock - owner thread: 0x000002d6e333e5a0
[0x000002d6cd726500] Heap_lock - owner thread: 0x000002d6cd726aa0

Heap address: 0x00000000e1a00000, size: 486 MB, Compressed Oops mode: 32-bit

CDS disabled.
Compressed class space mapped at: 0x0000000100000000-0x0000000140000000, reserved size: 1073741824
Narrow klass base: 0x0000000000000000, Narrow klass shift: 3, Narrow klass range: 0x140000000

GC Precious Log:
 CPUs: 4 total, 4 available
 Memory: 1940M
 Large Page Support: Disabled
 NUMA Support: Disabled
 Compressed Oops: Enabled (32-bit)
 Heap Region Size: 1M
 Heap Min Capacity: 8M
 Heap Initial Capacity: 32M
 Heap Max Capacity: 486M
 Pre-touch: Disabled
 Parallel Workers: 4
 Concurrent Workers: 1
 Concurrent Refinement Workers: 4
 Periodic GC: Disabled

Heap:
 garbage-first heap   total 79872K, used 21758K [0x00000000e1a00000, 0x0000000100000000)
  region size 1024K, 3 young (3072K), 3 survivors (3072K)
 Metaspace       used 46616K, committed 46976K, reserved 1089536K
  class space    used 6156K, committed 6336K, reserved 1048576K

Heap Regions: E=young(eden), S=young(survivor), O=old, HS=humongous(starts), HC=humongous(continues), CS=collection set, F=free, OA=open archive, CA=closed archive, TAMS=top-at-mark-start (previous, next)
|   0|0x00000000e1a00000, 0x00000000e1b00000, 0x00000000e1b00000|100%|HS|  |TAMS 0x00000000e1b00000, 0x00000000e1a00000| Complete 
|   1|0x00000000e1b00000, 0x00000000e1c00000, 0x00000000e1c00000|100%| O|  |TAMS 0x00000000e1c00000, 0x00000000e1b00000| Untracked 
|   2|0x00000000e1c00000, 0x00000000e1d00000, 0x00000000e1d00000|100%| O|  |TAMS 0x00000000e1d00000, 0x00000000e1c00000| Untracked 
|   3|0x00000000e1d00000, 0x00000000e1e00000, 0x00000000e1e00000|100%| O|  |TAMS 0x00000000e1e00000, 0x00000000e1d00000| Untracked 
|   4|0x00000000e1e00000, 0x00000000e1f00000, 0x00000000e1f00000|100%| O|  |TAMS 0x00000000e1f00000, 0x00000000e1e00000| Untracked 
|   5|0x00000000e1f00000, 0x00000000e2000000, 0x00000000e2000000|100%| O|  |TAMS 0x00000000e2000000, 0x00000000e1f00000| Untracked 
|   6|0x00000000e2000000, 0x00000000e2100000, 0x00000000e2100000|100%| O|  |TAMS 0x00000000e2100000, 0x00000000e2000000| Untracked 
|   7|0x00000000e2100000, 0x00000000e2200000, 0x00000000e2200000|100%| O|  |TAMS 0x00000000e2200000, 0x00000000e2100000| Untracked 
|   8|0x00000000e2200000, 0x00000000e2300000, 0x00000000e2300000|100%| O|  |TAMS 0x00000000e2300000, 0x00000000e2200000| Untracked 
|   9|0x00000000e2300000, 0x00000000e2400000, 0x00000000e2400000|100%| O|  |TAMS 0x00000000e2400000, 0x00000000e2300000| Untracked 
|  10|0x00000000e2400000, 0x00000000e2500000, 0x00000000e2500000|100%| O|  |TAMS 0x00000000e2500000, 0x00000000e2400000| Untracked 
|  11|0x00000000e2500000, 0x00000000e2600000, 0x00000000e2600000|100%| O|  |TAMS 0x00000000e2600000, 0x00000000e2500000| Untracked 
|  12|0x00000000e2600000, 0x00000000e26d3e00, 0x00000000e2700000| 82%| O|  |TAMS 0x00000000e26d3e00, 0x00000000e2600000| Untracked 
|  13|0x00000000e2700000, 0x00000000e2800000, 0x00000000e2800000|100%| O|  |TAMS 0x00000000e2700000, 0x00000000e2700000| Untracked 
|  14|0x00000000e2800000, 0x00000000e2900000, 0x00000000e2900000|100%| O|  |TAMS 0x00000000e2800000, 0x00000000e2800000| Untracked 
|  15|0x00000000e2900000, 0x00000000e2a00000, 0x00000000e2a00000|100%| O|  |TAMS 0x00000000e2900000, 0x00000000e2900000| Untracked 
|  16|0x00000000e2a00000, 0x00000000e2b00000, 0x00000000e2b00000|100%| O|  |TAMS 0x00000000e2a00000, 0x00000000e2a00000| Untracked 
|  17|0x00000000e2b00000, 0x00000000e2c00000, 0x00000000e2c00000|100%| O|  |TAMS 0x00000000e2b00000, 0x00000000e2b00000| Untracked 
|  18|0x00000000e2c00000, 0x00000000e2cb4e00, 0x00000000e2d00000| 70%| O|  |TAMS 0x00000000e2c00000, 0x00000000e2c00000| Untracked 
|  19|0x00000000e2d00000, 0x00000000e2d00000, 0x00000000e2e00000|  0%| F|  |TAMS 0x00000000e2d00000, 0x00000000e2d00000| Untracked 
|  20|0x00000000e2e00000, 0x00000000e2e00000, 0x00000000e2f00000|  0%| F|  |TAMS 0x00000000e2e00000, 0x00000000e2e00000| Untracked 
|  21|0x00000000e2f00000, 0x00000000e2f00000, 0x00000000e3000000|  0%| F|  |TAMS 0x00000000e2f00000, 0x00000000e2f00000| Untracked 
|  22|0x00000000e3000000, 0x00000000e3000000, 0x00000000e3100000|  0%| F|  |TAMS 0x00000000e3000000, 0x00000000e3000000| Untracked 
|  23|0x00000000e3100000, 0x00000000e3100000, 0x00000000e3200000|  0%| F|  |TAMS 0x00000000e3100000, 0x00000000e3100000| Untracked 
|  24|0x00000000e3200000, 0x00000000e3200000, 0x00000000e3300000|  0%| F|  |TAMS 0x00000000e3200000, 0x00000000e3200000| Untracked 
|  25|0x00000000e3300000, 0x00000000e3300000, 0x00000000e3400000|  0%| F|  |TAMS 0x00000000e3300000, 0x00000000e3300000| Untracked 
|  26|0x00000000e3400000, 0x00000000e34b6cd8, 0x00000000e3500000| 71%| S|CS|TAMS 0x00000000e3400000, 0x00000000e3400000| Complete 
|  27|0x00000000e3500000, 0x00000000e3600000, 0x00000000e3600000|100%| S|CS|TAMS 0x00000000e3500000, 0x00000000e3500000| Complete 
|  28|0x00000000e3600000, 0x00000000e3700000, 0x00000000e3700000|100%| S|CS|TAMS 0x00000000e3600000, 0x00000000e3600000| Complete 
|  29|0x00000000e3700000, 0x00000000e3700000, 0x00000000e3800000|  0%| F|  |TAMS 0x00000000e3700000, 0x00000000e3700000| Untracked 
|  30|0x00000000e3800000, 0x00000000e3800000, 0x00000000e3900000|  0%| F|  |TAMS 0x00000000e3800000, 0x00000000e3800000| Untracked 
|  31|0x00000000e3900000, 0x00000000e3900000, 0x00000000e3a00000|  0%| F|  |TAMS 0x00000000e3900000, 0x00000000e3900000| Untracked 
|  32|0x00000000e3a00000, 0x00000000e3a00000, 0x00000000e3b00000|  0%| F|  |TAMS 0x00000000e3a00000, 0x00000000e3a00000| Untracked 
|  33|0x00000000e3b00000, 0x00000000e3b00000, 0x00000000e3c00000|  0%| F|  |TAMS 0x00000000e3b00000, 0x00000000e3b00000| Untracked 
|  34|0x00000000e3c00000, 0x00000000e3c00000, 0x00000000e3d00000|  0%| F|  |TAMS 0x00000000e3c00000, 0x00000000e3c00000| Untracked 
|  35|0x00000000e3d00000, 0x00000000e3d00000, 0x00000000e3e00000|  0%| F|  |TAMS 0x00000000e3d00000, 0x00000000e3d00000| Untracked 
|  36|0x00000000e3e00000, 0x00000000e3e00000, 0x00000000e3f00000|  0%| F|  |TAMS 0x00000000e3e00000, 0x00000000e3e00000| Untracked 
|  37|0x00000000e3f00000, 0x00000000e3f00000, 0x00000000e4000000|  0%| F|  |TAMS 0x00000000e3f00000, 0x00000000e3f00000| Untracked 
|  38|0x00000000e4000000, 0x00000000e4000000, 0x00000000e4100000|  0%| F|  |TAMS 0x00000000e4000000, 0x00000000e4000000| Untracked 
|  39|0x00000000e4100000, 0x00000000e4100000, 0x00000000e4200000|  0%| F|  |TAMS 0x00000000e4100000, 0x00000000e4100000| Untracked 
|  40|0x00000000e4200000, 0x00000000e4200000, 0x00000000e4300000|  0%| F|  |TAMS 0x00000000e4200000, 0x00000000e4200000| Untracked 
|  41|0x00000000e4300000, 0x00000000e4300000, 0x00000000e4400000|  0%| F|  |TAMS 0x00000000e4300000, 0x00000000e4300000| Untracked 
|  42|0x00000000e4400000, 0x00000000e4400000, 0x00000000e4500000|  0%| F|  |TAMS 0x00000000e4400000, 0x00000000e4400000| Untracked 
|  43|0x00000000e4500000, 0x00000000e4500000, 0x00000000e4600000|  0%| F|  |TAMS 0x00000000e4500000, 0x00000000e4500000| Untracked 
|  44|0x00000000e4600000, 0x00000000e4600000, 0x00000000e4700000|  0%| F|  |TAMS 0x00000000e4600000, 0x00000000e4600000| Untracked 
|  45|0x00000000e4700000, 0x00000000e4700000, 0x00000000e4800000|  0%| F|  |TAMS 0x00000000e4700000, 0x00000000e4700000| Untracked 
|  46|0x00000000e4800000, 0x00000000e4800000, 0x00000000e4900000|  0%| F|  |TAMS 0x00000000e4800000, 0x00000000e4800000| Untracked 
|  47|0x00000000e4900000, 0x00000000e4900000, 0x00000000e4a00000|  0%| F|  |TAMS 0x00000000e4900000, 0x00000000e4900000| Untracked 
|  48|0x00000000e4a00000, 0x00000000e4a00000, 0x00000000e4b00000|  0%| F|  |TAMS 0x00000000e4a00000, 0x00000000e4a00000| Untracked 
|  49|0x00000000e4b00000, 0x00000000e4b00000, 0x00000000e4c00000|  0%| F|  |TAMS 0x00000000e4b00000, 0x00000000e4b00000| Untracked 
|  50|0x00000000e4c00000, 0x00000000e4c00000, 0x00000000e4d00000|  0%| F|  |TAMS 0x00000000e4c00000, 0x00000000e4c00000| Untracked 
|  51|0x00000000e4d00000, 0x00000000e4d00000, 0x00000000e4e00000|  0%| F|  |TAMS 0x00000000e4d00000, 0x00000000e4d00000| Untracked 
|  52|0x00000000e4e00000, 0x00000000e4e00000, 0x00000000e4f00000|  0%| F|  |TAMS 0x00000000e4e00000, 0x00000000e4e00000| Untracked 
|  53|0x00000000e4f00000, 0x00000000e4f00000, 0x00000000e5000000|  0%| F|  |TAMS 0x00000000e4f00000, 0x00000000e4f00000| Untracked 
|  54|0x00000000e5000000, 0x00000000e5000000, 0x00000000e5100000|  0%| F|  |TAMS 0x00000000e5000000, 0x00000000e5000000| Untracked 
|  55|0x00000000e5100000, 0x00000000e5100000, 0x00000000e5200000|  0%| F|  |TAMS 0x00000000e5100000, 0x00000000e5100000| Untracked 
|  56|0x00000000e5200000, 0x00000000e5200000, 0x00000000e5300000|  0%| F|  |TAMS 0x00000000e5200000, 0x00000000e5200000| Untracked 
|  57|0x00000000e5300000, 0x00000000e5300000, 0x00000000e5400000|  0%| F|  |TAMS 0x00000000e5300000, 0x00000000e5300000| Untracked 
|  58|0x00000000e5400000, 0x00000000e5400000, 0x00000000e5500000|  0%| F|  |TAMS 0x00000000e5400000, 0x00000000e5400000| Untracked 
|  59|0x00000000e5500000, 0x00000000e5500000, 0x00000000e5600000|  0%| F|  |TAMS 0x00000000e5500000, 0x00000000e5500000| Untracked 
|  60|0x00000000e5600000, 0x00000000e5600000, 0x00000000e5700000|  0%| F|  |TAMS 0x00000000e5600000, 0x00000000e5600000| Untracked 
|  61|0x00000000e5700000, 0x00000000e5700000, 0x00000000e5800000|  0%| F|  |TAMS 0x00000000e5700000, 0x00000000e5700000| Untracked 
|  62|0x00000000e5800000, 0x00000000e5800000, 0x00000000e5900000|  0%| F|  |TAMS 0x00000000e5800000, 0x00000000e5800000| Untracked 
|  63|0x00000000e5900000, 0x00000000e5900000, 0x00000000e5a00000|  0%| F|  |TAMS 0x00000000e5900000, 0x00000000e5900000| Untracked 
|  64|0x00000000e5a00000, 0x00000000e5a00000, 0x00000000e5b00000|  0%| F|  |TAMS 0x00000000e5a00000, 0x00000000e5a00000| Untracked 
|  65|0x00000000e5b00000, 0x00000000e5b00000, 0x00000000e5c00000|  0%| F|  |TAMS 0x00000000e5b00000, 0x00000000e5b00000| Untracked 
|  66|0x00000000e5c00000, 0x00000000e5c00000, 0x00000000e5d00000|  0%| F|  |TAMS 0x00000000e5c00000, 0x00000000e5c00000| Untracked 
|  67|0x00000000e5d00000, 0x00000000e5d00000, 0x00000000e5e00000|  0%| F|  |TAMS 0x00000000e5d00000, 0x00000000e5d00000| Untracked 
|  68|0x00000000e5e00000, 0x00000000e5e00000, 0x00000000e5f00000|  0%| F|  |TAMS 0x00000000e5e00000, 0x00000000e5e00000| Untracked 
|  69|0x00000000e5f00000, 0x00000000e5f00000, 0x00000000e6000000|  0%| F|  |TAMS 0x00000000e5f00000, 0x00000000e5f00000| Untracked 
|  70|0x00000000e6000000, 0x00000000e6000000, 0x00000000e6100000|  0%| F|  |TAMS 0x00000000e6000000, 0x00000000e6000000| Untracked 
|  71|0x00000000e6100000, 0x00000000e6100000, 0x00000000e6200000|  0%| F|  |TAMS 0x00000000e6100000, 0x00000000e6100000| Untracked 
|  72|0x00000000e6200000, 0x00000000e6200000, 0x00000000e6300000|  0%| F|  |TAMS 0x00000000e6200000, 0x00000000e6200000| Untracked 
|  73|0x00000000e6300000, 0x00000000e6300000, 0x00000000e6400000|  0%| F|  |TAMS 0x00000000e6300000, 0x00000000e6300000| Untracked 
|  74|0x00000000e6400000, 0x00000000e6400000, 0x00000000e6500000|  0%| F|  |TAMS 0x00000000e6400000, 0x00000000e6400000| Untracked 
|  75|0x00000000e6500000, 0x00000000e6500000, 0x00000000e6600000|  0%| F|  |TAMS 0x00000000e6500000, 0x00000000e6500000| Untracked 
|  76|0x00000000e6600000, 0x00000000e6600000, 0x00000000e6700000|  0%| F|  |TAMS 0x00000000e6600000, 0x00000000e6600000| Untracked 
|  77|0x00000000e6700000, 0x00000000e6700000, 0x00000000e6800000|  0%| F|  |TAMS 0x00000000e6700000, 0x00000000e6700000| Untracked 

Card table byte_map: [0x000002d6dfc90000,0x000002d6dfd90000] _byte_map_base: 0x000002d6df583000

Marking Bits (Prev, Next): (CMBitMap*) 0x000002d6cd74a2d0, (CMBitMap*) 0x000002d6cd74a310
 Prev Bits: [0x000002d6dfe90000, 0x000002d6e0628000)
 Next Bits: [0x000002d6e0630000, 0x000002d6e0dc8000)

Polling page: 0x000002d6cb610000

Metaspace:

Usage:
  Non-class:     39.51 MB used.
      Class:      6.01 MB used.
       Both:     45.52 MB used.

Virtual space:
  Non-class space:       40.00 MB reserved,      39.69 MB (>99%) committed,  5 nodes.
      Class space:        1.00 GB reserved,       6.19 MB ( <1%) committed,  1 nodes.
              Both:        1.04 GB reserved,      45.88 MB (  4%) committed. 

Chunk freelists:
   Non-Class:  272.00 KB
       Class:  1.83 MB
        Both:  2.09 MB

MaxMetaspaceSize: 17179869184.00 GB
CompressedClassSpaceSize: 1.00 GB
 - commit_granule_bytes: 65536.
 - commit_granule_words: 8192.
 - virtual_space_node_default_size: 1048576.
 - enlarge_chunks_in_place: 1.
 - new_chunks_are_fully_committed: 0.
 - uncommit_free_chunks: 1.
 - use_allocation_guard: 0.
 - handle_deallocations: 1.


Internal statistics:

num_allocs_failed_limit: 8.
num_arena_births: 484.
num_arena_deaths: 0.
num_vsnodes_births: 6.
num_vsnodes_deaths: 0.
num_space_committed: 734.
num_space_uncommitted: 0.
num_chunks_returned_to_freelist: 8.
num_chunks_taken_from_freelist: 1795.
num_chunk_merges: 8.
num_chunk_splits: 1246.
num_chunks_enlarged: 940.
num_purges: 0.

CodeHeap 'non-profiled nmethods': size=238912Kb used=6413Kb max_used=6413Kb free=232498Kb
 bounds [0x000002d6d1340000, 0x000002d6d1990000, 0x000002d6dfc90000]
CodeHeap 'non-nmethods': size=6848Kb used=1203Kb max_used=1203Kb free=5644Kb
 bounds [0x000002d6d0c90000, 0x000002d6d0f00000, 0x000002d6d1340000]
 total_blobs=4445 nmethods=3943 adapters=429
 compilation: enabled
              stopped_count=0, restarted_count=0
 full_count=0

Compilation events (20 events):
Event: 12.261 Thread 0x000002d6e339b920 3934       1       java.util.Calendar::internalGet (7 bytes)
Event: 12.261 Thread 0x000002d6e339b920 nmethod 3934 0x000002d6d197fd90 code [0x000002d6d197ff20, 0x000002d6d1980018]
Event: 12.299 Thread 0x000002d6e339b920 3935       1       java.io.ObjectInputStream$PeekInputStream::peek (49 bytes)
Event: 12.299 Thread 0x000002d6e339b920 nmethod 3935 0x000002d6d1980110 code [0x000002d6d19802c0, 0x000002d6d1980428]
Event: 12.299 Thread 0x000002d6e339b920 3936       1       java.util.HashMap::clear (50 bytes)
Event: 12.299 Thread 0x000002d6e339b920 nmethod 3936 0x000002d6d1980490 code [0x000002d6d1980620, 0x000002d6d1980758]
Event: 12.350 Thread 0x000002d6e339b920 3937       1       org.apache.logging.log4j.spi.LoggerRegistry::getOrCreateInnerMap (42 bytes)
Event: 12.350 Thread 0x000002d6e339b920 nmethod 3937 0x000002d6d1980810 code [0x000002d6d19809c0, 0x000002d6d1980bf8]
Event: 12.361 Thread 0x000002d6e339b920 3938       1       org.apache.logging.log4j.Level::getStandardLevel (5 bytes)
Event: 12.361 Thread 0x000002d6e339b920 nmethod 3938 0x000002d6d1980d10 code [0x000002d6d1980ea0, 0x000002d6d1980f78]
Event: 12.398 Thread 0x000002d6e339b920 3939       1       jdk.internal.loader.BuiltinClassLoader::findResources (182 bytes)
Event: 12.400 Thread 0x000002d6e339b920 nmethod 3939 0x000002d6d1981010 code [0x000002d6d19812c0, 0x000002d6d1981dc8]
Event: 12.400 Thread 0x000002d6e339b920 3940       1       jdk.internal.loader.BuiltinClassLoader::findResourcesOnClassPath (43 bytes)
Event: 12.401 Thread 0x000002d6e339b920 nmethod 3940 0x000002d6d1982510 code [0x000002d6d1982700, 0x000002d6d1982a68]
Event: 12.401 Thread 0x000002d6e339b920 3941       1       jdk.internal.loader.BuiltinClassLoader$1::<init> (33 bytes)
Event: 12.401 Thread 0x000002d6e339b920 nmethod 3941 0x000002d6d1982c10 code [0x000002d6d1982dc0, 0x000002d6d1983028]
Event: 12.431 Thread 0x000002d6e339b920 3942       1       jdk.internal.loader.ClassLoaders::platformClassLoader (4 bytes)
Event: 12.431 Thread 0x000002d6e339b920 nmethod 3942 0x000002d6d1983110 code [0x000002d6d19832a0, 0x000002d6d1983358]
Event: 12.436 Thread 0x000002d6e339b920 3943       1       org.hibernate.boot.registry.classloading.internal.AggregatedClassLoader::access$000 (5 bytes)
Event: 12.436 Thread 0x000002d6e339b920 nmethod 3943 0x000002d6d1983410 code [0x000002d6d19835a0, 0x000002d6d1983658]

GC Heap History (20 events):
Event: 7.664 GC heap after
{Heap after GC invocations=10 (full 0):
 garbage-first heap   total 39936K, used 13467K [0x00000000e1a00000, 0x0000000100000000)
  region size 1024K, 2 young (2048K), 2 survivors (2048K)
 Metaspace       used 27053K, committed 27328K, reserved 1081344K
  class space    used 3247K, committed 3328K, reserved 1048576K
}
Event: 7.670 GC heap before
{Heap before GC invocations=10 (full 0):
 garbage-first heap   total 39936K, used 28827K [0x00000000e1a00000, 0x0000000100000000)
  region size 1024K, 18 young (18432K), 2 survivors (2048K)
 Metaspace       used 27110K, committed 27392K, reserved 1081344K
  class space    used 3255K, committed 3392K, reserved 1048576K
}
Event: 7.672 GC heap after
{Heap after GC invocations=11 (full 0):
 garbage-first heap   total 39936K, used 13463K [0x00000000e1a00000, 0x0000000100000000)
  region size 1024K, 2 young (2048K), 2 survivors (2048K)
 Metaspace       used 27110K, committed 27392K, reserved 1081344K
  class space    used 3255K, committed 3392K, reserved 1048576K
}
Event: 7.793 GC heap before
{Heap before GC invocations=11 (full 0):
 garbage-first heap   total 39936K, used 29847K [0x00000000e1a00000, 0x0000000100000000)
  region size 1024K, 19 young (19456K), 2 survivors (2048K)
 Metaspace       used 29139K, committed 29376K, reserved 1081344K
  class space    used 3502K, committed 3584K, reserved 1048576K
}
Event: 7.796 GC heap after
{Heap after GC invocations=12 (full 0):
 garbage-first heap   total 39936K, used 13946K [0x00000000e1a00000, 0x0000000100000000)
  region size 1024K, 2 young (2048K), 2 survivors (2048K)
 Metaspace       used 29139K, committed 29376K, reserved 1081344K
  class space    used 3502K, committed 3584K, reserved 1048576K
}
Event: 8.401 GC heap before
{Heap before GC invocations=12 (full 0):
 garbage-first heap   total 39936K, used 30330K [0x00000000e1a00000, 0x0000000100000000)
  region size 1024K, 19 young (19456K), 2 survivors (2048K)
 Metaspace       used 30263K, committed 30656K, reserved 1081344K
  class space    used 3699K, committed 3904K, reserved 1048576K
}
Event: 8.408 GC heap after
{Heap after GC invocations=13 (full 0):
 garbage-first heap   total 79872K, used 14902K [0x00000000e1a00000, 0x0000000100000000)
  region size 1024K, 2 young (2048K), 2 survivors (2048K)
 Metaspace       used 30263K, committed 30656K, reserved 1081344K
  class space    used 3699K, committed 3904K, reserved 1048576K
}
Event: 10.046 GC heap before
{Heap before GC invocations=13 (full 0):
 garbage-first heap   total 79872K, used 48694K [0x00000000e1a00000, 0x0000000100000000)
  region size 1024K, 36 young (36864K), 2 survivors (2048K)
 Metaspace       used 35283K, committed 35648K, reserved 1081344K
  class space    used 4528K, committed 4672K, reserved 1048576K
}
Event: 10.059 GC heap after
{Heap after GC invocations=14 (full 0):
 garbage-first heap   total 79872K, used 17126K [0x00000000e1a00000, 0x0000000100000000)
  region size 1024K, 4 young (4096K), 4 survivors (4096K)
 Metaspace       used 35283K, committed 35648K, reserved 1081344K
  class space    used 4528K, committed 4672K, reserved 1048576K
}
Event: 10.932 GC heap before
{Heap before GC invocations=15 (full 0):
 garbage-first heap   total 61440K, used 48870K [0x00000000e1a00000, 0x0000000100000000)
  region size 1024K, 36 young (36864K), 4 survivors (4096K)
 Metaspace       used 38717K, committed 39104K, reserved 1089536K
  class space    used 4990K, committed 5184K, reserved 1048576K
}
Event: 10.950 GC heap after
{Heap after GC invocations=16 (full 0):
 garbage-first heap   total 61440K, used 18977K [0x00000000e1a00000, 0x0000000100000000)
  region size 1024K, 5 young (5120K), 5 survivors (5120K)
 Metaspace       used 38717K, committed 39104K, reserved 1089536K
  class space    used 4990K, committed 5184K, reserved 1048576K
}
Event: 10.957 GC heap before
{Heap before GC invocations=16 (full 0):
 garbage-first heap   total 61440K, used 46625K [0x00000000e1a00000, 0x0000000100000000)
  region size 1024K, 33 young (33792K), 5 survivors (5120K)
 Metaspace       used 38717K, committed 39104K, reserved 1089536K
  class space    used 4990K, committed 5184K, reserved 1048576K
}
Event: 10.969 GC heap after
{Heap after GC invocations=17 (full 0):
 garbage-first heap   total 61440K, used 19233K [0x00000000e1a00000, 0x0000000100000000)
  region size 1024K, 3 young (3072K), 3 survivors (3072K)
 Metaspace       used 38717K, committed 39104K, reserved 1089536K
  class space    used 4990K, committed 5184K, reserved 1048576K
}
Event: 11.106 GC heap before
{Heap before GC invocations=17 (full 0):
 garbage-first heap   total 61440K, used 47905K [0x00000000e1a00000, 0x0000000100000000)
  region size 1024K, 32 young (32768K), 3 survivors (3072K)
 Metaspace       used 39017K, committed 39424K, reserved 1089536K
  class space    used 5025K, committed 5248K, reserved 1048576K
}
Event: 11.112 GC heap after
{Heap after GC invocations=18 (full 0):
 garbage-first heap   total 61440K, used 19504K [0x00000000e1a00000, 0x0000000100000000)
  region size 1024K, 1 young (1024K), 1 survivors (1024K)
 Metaspace       used 39017K, committed 39424K, reserved 1089536K
  class space    used 5025K, committed 5248K, reserved 1048576K
}
Event: 11.385 GC heap before
{Heap before GC invocations=18 (full 0):
 garbage-first heap   total 61440K, used 49200K [0x00000000e1a00000, 0x0000000100000000)
  region size 1024K, 31 young (31744K), 1 survivors (1024K)
 Metaspace       used 40540K, committed 40960K, reserved 1089536K
  class space    used 5194K, committed 5376K, reserved 1048576K
}
Event: 11.390 GC heap after
{Heap after GC invocations=19 (full 0):
 garbage-first heap   total 61440K, used 20884K [0x00000000e1a00000, 0x0000000100000000)
  region size 1024K, 2 young (2048K), 2 survivors (2048K)
 Metaspace       used 40540K, committed 40960K, reserved 1089536K
  class space    used 5194K, committed 5376K, reserved 1048576K
}
Event: 11.468 GC heap before
{Heap before GC invocations=19 (full 0):
 garbage-first heap   total 61440K, used 48532K [0x00000000e1a00000, 0x0000000100000000)
  region size 1024K, 30 young (30720K), 2 survivors (2048K)
 Metaspace       used 40608K, committed 41024K, reserved 1089536K
  class space    used 5205K, committed 5376K, reserved 1048576K
}
Event: 11.471 GC heap after
{Heap after GC invocations=20 (full 0):
 garbage-first heap   total 61440K, used 20994K [0x00000000e1a00000, 0x0000000100000000)
  region size 1024K, 2 young (2048K), 2 survivors (2048K)
 Metaspace       used 40608K, committed 41024K, reserved 1089536K
  class space    used 5205K, committed 5376K, reserved 1048576K
}
Event: 12.437 GC heap before
{Heap before GC invocations=20 (full 0):
 garbage-first heap   total 61440K, used 50690K [0x00000000e1a00000, 0x0000000100000000)
  region size 1024K, 31 young (31744K), 2 survivors (2048K)
 Metaspace       used 46616K, committed 46976K, reserved 1089536K
  class space    used 6156K, committed 6336K, reserved 1048576K
}

Deoptimization events (2 events):
Event: 8.842 Thread 0x000002d6cd726aa0 DEOPT PACKING pc=0x000002d6d166753c sp=0x000000d8944fd670
Event: 8.842 Thread 0x000002d6cd726aa0 DEOPT UNPACKING pc=0x000002d6d0cddece sp=0x000000d8944fcbc8 mode 0

Classes unloaded (0 events):
No events

Classes redefined (0 events):
No events

Internal exceptions (20 events):
Event: 10.156 Thread 0x000002d6cd726aa0 Exception <a 'java/lang/ClassNotFoundException'{0x00000000e54f18a0}: org/springframework/transaction/annotation/ProxyTransactionManagementConfigurationCustomizer> (0x00000000e54f18a0) 
thrown [t:\workspace\open\src\hotspot\share\classfile\systemDictionary.cpp, line 256]
Event: 10.158 Thread 0x000002d6cd726aa0 Exception <a 'java/lang/ClassNotFoundException'{0x00000000e54fa3c8}: org/springframework/context/annotation/ImportAwareCustomizer> (0x00000000e54fa3c8) 
thrown [t:\workspace\open\src\hotspot\share\classfile\systemDictionary.cpp, line 256]
Event: 10.158 Thread 0x000002d6cd726aa0 Exception <a 'java/lang/ClassNotFoundException'{0x00000000e5300200}: org/springframework/beans/factory/AwareCustomizer> (0x00000000e5300200) 
thrown [t:\workspace\open\src\hotspot\share\classfile\systemDictionary.cpp, line 256]
Event: 10.213 Thread 0x000002d6cd726aa0 Exception <a 'java/lang/NoSuchMethodError'{0x00000000e52bb198}: 'java.lang.Object java.lang.invoke.DirectMethodHandle$Holder.invokeSpecialIFC(java.lang.Object, java.lang.Object, java.lang.Object)'> (0x00000000e52bb198) 
thrown [t:\workspace\open\src\hotspot\share\interpreter\linkResolver.cpp, line 790]
Event: 10.234 Thread 0x000002d6e578aaf0 Exception <a 'java/lang/reflect/InvocationTargetException'{0x00000000e5182340}> (0x00000000e5182340) 
thrown [t:\workspace\open\src\hotspot\share\runtime\reflection.cpp, line 1157]
Event: 10.282 Thread 0x000002d6cd726aa0 Exception <a 'java/lang/UnsatisfiedLinkError'{0x00000000e51e10a8}> (0x00000000e51e10a8) 
thrown [t:\workspace\open\src\hotspot\share\prims\jvm.cpp, line 3639]
Event: 10.282 Thread 0x000002d6cd726aa0 Exception <a 'java/lang/UnsatisfiedLinkError'{0x00000000e51e10a8}> (0x00000000e51e10a8) 
thrown [t:\workspace\open\src\hotspot\share\prims\jni.cpp, line 579]
Event: 10.290 Thread 0x000002d6cd726aa0 Exception <a 'java/lang/NoClassDefFoundError'{0x00000000e51feab8}: sun/reflect/Reflection> (0x00000000e51feab8) 
thrown [t:\workspace\open\src\hotspot\share\classfile\systemDictionary.cpp, line 245]
Event: 10.391 Thread 0x000002d6cd726aa0 Exception <a 'java/lang/NoSuchMethodError'{0x00000000e4eb6620}: 'void java.lang.invoke.DirectMethodHandle$Holder.invokeInterface(java.lang.Object, java.lang.Object, int)'> (0x00000000e4eb6620) 
thrown [t:\workspace\open\src\hotspot\share\interpreter\linkResolver.cpp, line 790]
Event: 10.400 Thread 0x000002d6cd726aa0 Exception <a 'java/lang/IncompatibleClassChangeError'{0x00000000e4d0ef98}: Found class java.lang.Object, but interface was expected> (0x00000000e4d0ef98) 
thrown [t:\workspace\open\src\hotspot\share\interpreter\linkResolver.cpp, line 857]
Event: 10.400 Thread 0x000002d6cd726aa0 Exception <a 'java/lang/NoSuchMethodError'{0x00000000e4d143d0}: 'void java.lang.invoke.DirectMethodHandle$Holder.invokeStatic(java.lang.Object, int, java.lang.Object)'> (0x00000000e4d143d0) 
thrown [t:\workspace\open\src\hotspot\share\interpreter\linkResolver.cpp, line 790]
Event: 10.405 Thread 0x000002d6cd726aa0 Exception <a 'java/lang/NoSuchMethodError'{0x00000000e4d44750}: 'int java.lang.invoke.DirectMethodHandle$Holder.invokeSpecial(java.lang.Object, java.lang.Object, int)'> (0x00000000e4d44750) 
thrown [t:\workspace\open\src\hotspot\share\interpreter\linkResolver.cpp, line 790]
Event: 10.787 Thread 0x000002d6e578aaf0 Exception <a 'java/lang/reflect/InvocationTargetException'{0x00000000e40009e8}> (0x00000000e40009e8) 
thrown [t:\workspace\open\src\hotspot\share\runtime\reflection.cpp, line 1157]
Event: 11.053 Thread 0x000002d6cd726aa0 Exception <a 'java/io/FileNotFoundException'{0x00000000e3d1a5c8}> (0x00000000e3d1a5c8) 
thrown [t:\workspace\open\src\hotspot\share\prims\jni.cpp, line 579]
Event: 11.291 Thread 0x000002d6e578aaf0 Exception <a 'java/lang/reflect/InvocationTargetException'{0x00000000e3b01e20}> (0x00000000e3b01e20) 
thrown [t:\workspace\open\src\hotspot\share\runtime\reflection.cpp, line 1157]
Event: 11.487 Thread 0x000002d6cd726aa0 Exception <a 'java/lang/NoSuchMethodError'{0x00000000e67772b8}: 'java.lang.Object java.lang.invoke.DirectMethodHandle$Holder.invokeStatic(java.lang.Object, int, java.lang.Object)'> (0x00000000e67772b8) 
thrown [t:\workspace\open\src\hotspot\share\interpreter\linkResolver.cpp, line 790]
Event: 11.490 Thread 0x000002d6cd726aa0 Exception <a 'java/lang/NoSuchMethodError'{0x00000000e67a7d70}: 'int java.lang.invoke.DirectMethodHandle$Holder.invokeInterface(java.lang.Object, java.lang.Object, java.lang.Object, java.lang.Object)'> (0x00000000e67a7d70) 
thrown [t:\workspace\open\src\hotspot\share\interpreter\linkResolver.cpp, line 790]
Event: 11.637 Thread 0x000002d6cd726aa0 Exception <a 'java/io/FileNotFoundException'{0x00000000e5187ed8}> (0x00000000e5187ed8) 
thrown [t:\workspace\open\src\hotspot\share\prims\jni.cpp, line 579]
Event: 11.795 Thread 0x000002d6e578aaf0 Exception <a 'java/lang/reflect/InvocationTargetException'{0x00000000e4a86a40}> (0x00000000e4a86a40) 
thrown [t:\workspace\open\src\hotspot\share\runtime\reflection.cpp, line 1157]
Event: 12.299 Thread 0x000002d6e578aaf0 Exception <a 'java/lang/reflect/InvocationTargetException'{0x00000000e3c01638}> (0x00000000e3c01638) 
thrown [t:\workspace\open\src\hotspot\share\runtime\reflection.cpp, line 1157]

Events (20 events):
Event: 12.343 loading class java/time/temporal/TemporalQueries$3 done
Event: 12.343 loading class java/time/temporal/TemporalQueries$4
Event: 12.343 loading class java/time/temporal/TemporalQueries$4 done
Event: 12.343 loading class java/time/temporal/TemporalQueries$5
Event: 12.343 loading class java/time/temporal/TemporalQueries$5 done
Event: 12.343 loading class java/time/temporal/TemporalQueries$6
Event: 12.343 loading class java/time/temporal/TemporalQueries$6 done
Event: 12.343 loading class java/time/temporal/TemporalQueries$7
Event: 12.343 loading class java/time/temporal/TemporalQueries$7 done
Event: 12.418 loading class javax/xml/stream/XMLEventReader
Event: 12.419 loading class javax/xml/stream/XMLEventReader done
Event: 12.429 loading class javax/xml/stream/XMLEventFactory
Event: 12.429 loading class javax/xml/stream/XMLEventFactory done
Event: 12.429 loading class javax/xml/stream/FactoryFinder
Event: 12.430 loading class javax/xml/stream/FactoryFinder done
Event: 12.431 loading class javax/xml/stream/FactoryFinder$1
Event: 12.431 loading class javax/xml/stream/FactoryFinder$1 done
Event: 12.431 loading class com/sun/xml/internal/stream/events/XMLEventFactoryImpl
Event: 12.432 loading class com/sun/xml/internal/stream/events/XMLEventFactoryImpl done
Event: 12.436 Executing  VM operation: G1CollectForAllocation


Dynamic libraries:
0x00007ff630b00000 - 0x00007ff630b0e000 	C:\spring\sts-4.11.1.RELEASE\plugins\org.eclipse.justj.openjdk.hotspot.jre.full.win32.x86_64_16.0.2.v20210721-1149\jre\bin\javaw.exe
0x00007ffb77b70000 - 0x00007ffb77d65000 	C:\Windows\SYSTEM32\ntdll.dll
0x00007ffb76dc0000 - 0x00007ffb76e7e000 	C:\Windows\System32\KERNEL32.DLL
0x00007ffb75620000 - 0x00007ffb758e8000 	C:\Windows\System32\KERNELBASE.dll
0x00007ffb75280000 - 0x00007ffb75380000 	C:\Windows\System32\ucrtbase.dll
0x00007ffb6e350000 - 0x00007ffb6e368000 	C:\spring\sts-4.11.1.RELEASE\plugins\org.eclipse.justj.openjdk.hotspot.jre.full.win32.x86_64_16.0.2.v20210721-1149\jre\bin\jli.dll
0x00007ffb6eda0000 - 0x00007ffb6edb9000 	C:\spring\sts-4.11.1.RELEASE\plugins\org.eclipse.justj.openjdk.hotspot.jre.full.win32.x86_64_16.0.2.v20210721-1149\jre\bin\VCRUNTIME140.dll
0x00007ffb766e0000 - 0x00007ffb76880000 	C:\Windows\System32\USER32.dll
0x00007ffb75b90000 - 0x00007ffb75bb2000 	C:\Windows\System32\win32u.dll
0x00007ffb76f10000 - 0x00007ffb76f3b000 	C:\Windows\System32\GDI32.dll
0x00007ffb646c0000 - 0x00007ffb6495a000 	C:\Windows\WinSxS\amd64_microsoft.windows.common-controls_6595b64144ccf1df_6.0.19041.1110_none_60b5254171f9507e\COMCTL32.dll
0x00007ffb75ec0000 - 0x00007ffb75f5e000 	C:\Windows\System32\msvcrt.dll
0x00007ffb75380000 - 0x00007ffb7548d000 	C:\Windows\System32\gdi32full.dll
0x00007ffb75a40000 - 0x00007ffb75add000 	C:\Windows\System32\msvcp_win.dll
0x00007ffb76230000 - 0x00007ffb76260000 	C:\Windows\System32\IMM32.DLL
0x00007ffb701b0000 - 0x00007ffb701bc000 	C:\spring\sts-4.11.1.RELEASE\plugins\org.eclipse.justj.openjdk.hotspot.jre.full.win32.x86_64_16.0.2.v20210721-1149\jre\bin\vcruntime140_1.dll
0x00007ffb6a460000 - 0x00007ffb6a4f1000 	C:\spring\sts-4.11.1.RELEASE\plugins\org.eclipse.justj.openjdk.hotspot.jre.full.win32.x86_64_16.0.2.v20210721-1149\jre\bin\msvcp140.dll
0x00007ffb2a4d0000 - 0x00007ffb2b07b000 	C:\spring\sts-4.11.1.RELEASE\plugins\org.eclipse.justj.openjdk.hotspot.jre.full.win32.x86_64_16.0.2.v20210721-1149\jre\bin\server\jvm.dll
0x00007ffb75e10000 - 0x00007ffb75ebe000 	C:\Windows\System32\ADVAPI32.dll
0x00007ffb75d70000 - 0x00007ffb75e0c000 	C:\Windows\System32\sechost.dll
0x00007ffb75f60000 - 0x00007ffb76085000 	C:\Windows\System32\RPCRT4.dll
0x00007ffb766d0000 - 0x00007ffb766d8000 	C:\Windows\System32\PSAPI.DLL
0x00007ffb72a90000 - 0x00007ffb72a99000 	C:\Windows\SYSTEM32\WSOCK32.dll
0x00007ffb761c0000 - 0x00007ffb7622b000 	C:\Windows\System32\WS2_32.dll
0x00007ffb61770000 - 0x00007ffb61797000 	C:\Windows\SYSTEM32\WINMM.dll
0x00007ffb65e10000 - 0x00007ffb65e1a000 	C:\Windows\SYSTEM32\VERSION.dll
0x00007ffb73170000 - 0x00007ffb73182000 	C:\Windows\SYSTEM32\kernel.appcore.dll
0x00007ffb6e380000 - 0x00007ffb6e38a000 	C:\spring\sts-4.11.1.RELEASE\plugins\org.eclipse.justj.openjdk.hotspot.jre.full.win32.x86_64_16.0.2.v20210721-1149\jre\bin\jimage.dll
0x00007ffb64f30000 - 0x00007ffb65114000 	C:\Windows\SYSTEM32\DBGHELP.DLL
0x00007ffb64ca0000 - 0x00007ffb64ccc000 	C:\Windows\SYSTEM32\dbgcore.DLL
0x00007ffb759b0000 - 0x00007ffb75a32000 	C:\Windows\System32\bcryptPrimitives.dll
0x00007ffb6a7a0000 - 0x00007ffb6a7c5000 	C:\spring\sts-4.11.1.RELEASE\plugins\org.eclipse.justj.openjdk.hotspot.jre.full.win32.x86_64_16.0.2.v20210721-1149\jre\bin\java.dll
0x00007ffb6a780000 - 0x00007ffb6a798000 	C:\spring\sts-4.11.1.RELEASE\plugins\org.eclipse.justj.openjdk.hotspot.jre.full.win32.x86_64_16.0.2.v20210721-1149\jre\bin\zip.dll
0x00007ffb76ff0000 - 0x00007ffb77734000 	C:\Windows\System32\SHELL32.dll
0x00007ffb73370000 - 0x00007ffb73b04000 	C:\Windows\SYSTEM32\windows.storage.dll
0x00007ffb77740000 - 0x00007ffb77a95000 	C:\Windows\System32\combase.dll
0x00007ffb74c00000 - 0x00007ffb74c2e000 	C:\Windows\SYSTEM32\Wldp.dll
0x00007ffb76f40000 - 0x00007ffb76fed000 	C:\Windows\System32\SHCORE.dll
0x00007ffb76880000 - 0x00007ffb768d5000 	C:\Windows\System32\shlwapi.dll
0x00007ffb751c0000 - 0x00007ffb751df000 	C:\Windows\SYSTEM32\profapi.dll
0x00007ffb6a760000 - 0x00007ffb6a779000 	C:\spring\sts-4.11.1.RELEASE\plugins\org.eclipse.justj.openjdk.hotspot.jre.full.win32.x86_64_16.0.2.v20210721-1149\jre\bin\net.dll
0x00007ffb68040000 - 0x00007ffb6814c000 	C:\Windows\SYSTEM32\WINHTTP.dll
0x00007ffb74960000 - 0x00007ffb749ca000 	C:\Windows\system32\mswsock.dll
0x00007ffb6a740000 - 0x00007ffb6a753000 	C:\spring\sts-4.11.1.RELEASE\plugins\org.eclipse.justj.openjdk.hotspot.jre.full.win32.x86_64_16.0.2.v20210721-1149\jre\bin\nio.dll
0x00007ffb6ed90000 - 0x00007ffb6ed99000 	C:\spring\sts-4.11.1.RELEASE\plugins\org.eclipse.justj.openjdk.hotspot.jre.full.win32.x86_64_16.0.2.v20210721-1149\jre\bin\management.dll
0x00007ffb6ed80000 - 0x00007ffb6ed8b000 	C:\spring\sts-4.11.1.RELEASE\plugins\org.eclipse.justj.openjdk.hotspot.jre.full.win32.x86_64_16.0.2.v20210721-1149\jre\bin\management_ext.dll
0x00007ffb70280000 - 0x00007ffb70297000 	C:\Windows\system32\napinsp.dll
0x00007ffb6ef20000 - 0x00007ffb6ef3b000 	C:\Windows\system32\pnrpnsp.dll
0x00007ffb56ed0000 - 0x00007ffb56ee5000 	C:\Windows\system32\wshbth.dll
0x00007ffb70c60000 - 0x00007ffb70c7d000 	C:\Windows\system32\NLAapi.dll
0x00007ffb74650000 - 0x00007ffb7468b000 	C:\Windows\SYSTEM32\IPHLPAPI.DLL
0x00007ffb74690000 - 0x00007ffb7475b000 	C:\Windows\SYSTEM32\DNSAPI.dll
0x00007ffb761b0000 - 0x00007ffb761b8000 	C:\Windows\System32\NSI.dll
0x00007ffb6ee60000 - 0x00007ffb6ee72000 	C:\Windows\System32\winrnr.dll
0x00007ffb67d00000 - 0x00007ffb67d0a000 	C:\Windows\System32\rasadhlp.dll
0x00007ffb67e80000 - 0x00007ffb67eff000 	C:\Windows\System32\fwpuclnt.dll
0x00007ffb75490000 - 0x00007ffb754b7000 	C:\Windows\System32\bcrypt.dll
0x00007ffb74b50000 - 0x00007ffb74b68000 	C:\Windows\SYSTEM32\CRYPTSP.dll
0x00007ffb742e0000 - 0x00007ffb74314000 	C:\Windows\system32\rsaenh.dll
0x00007ffb75180000 - 0x00007ffb751ae000 	C:\Windows\SYSTEM32\USERENV.dll
0x00007ffb74b70000 - 0x00007ffb74b7c000 	C:\Windows\SYSTEM32\CRYPTBASE.dll
0x00007ffb6d4b0000 - 0x00007ffb6d4c7000 	C:\Windows\SYSTEM32\dhcpcsvc6.DLL
0x00007ffb6d490000 - 0x00007ffb6d4ad000 	C:\Windows\SYSTEM32\dhcpcsvc.DLL
0x00007ffb6a730000 - 0x00007ffb6a740000 	C:\spring\sts-4.11.1.RELEASE\plugins\org.eclipse.justj.openjdk.hotspot.jre.full.win32.x86_64_16.0.2.v20210721-1149\jre\bin\verify.dll

dbghelp: loaded successfully - version: 4.0.5 - missing functions: none
symbol engine: initialized successfully - sym options: 0x614 - pdb path: .;C:\spring\sts-4.11.1.RELEASE\plugins\org.eclipse.justj.openjdk.hotspot.jre.full.win32.x86_64_16.0.2.v20210721-1149\jre\bin;C:\Windows\SYSTEM32;C:\Windows\WinSxS\amd64_microsoft.windows.common-controls_6595b64144ccf1df_6.0.19041.1110_none_60b5254171f9507e;C:\spring\sts-4.11.1.RELEASE\plugins\org.eclipse.justj.openjdk.hotspot.jre.full.win32.x86_64_16.0.2.v20210721-1149\jre\bin\server

VM Arguments:
jvm_args: -Dcom.sun.management.jmxremote -Dcom.sun.management.jmxremote.port=58146 -Dcom.sun.management.jmxremote.authenticate=false -Dcom.sun.management.jmxremote.ssl=false -Djava.rmi.server.hostname=localhost -Dspring.jmx.enabled=true -Dspring.application.admin.enabled=true -XX:TieredStopAtLevel=1 -Dspring.boot.project.name=Work -Dfile.encoding=UTF-8 -XX:+ShowCodeDetailsInExceptionMessages 
java_command: tn.esprit.Work.WorkApplication --spring.output.ansi.enabled=always
java_class_path (initial): C:\Users\Ines Nfougui\Desktop\ines\Work\target\classes;C:\Users\Ines Nfougui\.m2\repository\commons-io\commons-io\2.5\commons-io-2.5.jar;C:\Users\Ines Nfougui\.m2\repository\com\squareup\okhttp\okhttp\2.7.5\okhttp-2.7.5.jar;C:\Users\Ines Nfougui\.m2\repository\com\squareup\okio\okio\1.6.0\okio-1.6.0.jar;C:\Users\Ines Nfougui\.m2\repository\org\json\json\20080701\json-20080701.jar;C:\Users\Ines Nfougui\.m2\repository\org\apache\httpcomponents\httpclient\4.5.13\httpclient-4.5.13.jar;C:\Users\Ines Nfougui\.m2\repository\org\apache\httpcomponents\httpcore\4.4.14\httpcore-4.4.14.jar;C:\Users\Ines Nfougui\.m2\repository\commons-codec\commons-codec\1.15\commons-codec-1.15.jar;C:\Users\Ines Nfougui\.m2\repository\org\springframework\boot\spring-boot-starter-validation\2.4.4\spring-boot-starter-validation-2.4.4.jar;C:\Users\Ines Nfougui\.m2\repository\org\springframework\boot\spring-boot-starter\2.4.4\spring-boot-starter-2.4.4.jar;C:\Users\Ines Nfougui\.m2\repository\org\springframework\boot\spring-boot\2.4.4\spring-boot-2.4.4.jar;C:\Users\Ines Nfougui\.m2\repository\org\springframework\boot\spring-boot-autoconfigure\2.4.4\spring-boot-autoconfigure-2.4.4.jar;C:\Users\Ines Nfougui\.m2\repository\org\springframework\boot\spring-boot-starter-logging\2.4.4\spring-boot-starter-logging-2.4.4.jar;C:\Users\Ines Nfougui\.m2\repository\ch\qos\logback\logback-classic\1.2.3\logback-classic-1.2.3.jar;C:\Users\Ines Nfougui\.m2\repository\ch\qos\logback\logback-core\1.2.3\logback-core-1.2.3.jar;C:\Users\Ines Nfougui\.m2\repository\org\apache\logging\log4j\log4j-to-slf4j\2.13.3\log4j-to-slf4j-2.13.3.jar;C:\Users\Ines Nfougui\.m2\repository\org\apache\logging\log4j\log4j-api\2.13.3\log4j-api-2.13.3.jar;C:\Users\Ines Nfougui\.m2\repository\org\slf4j\jul-to-slf4j\1.7.30\jul-to-slf4j-1.7.30.jar;C:\Users\Ines Nfougui\.m2\repository\jakarta\annotation\jakarta.annotation-api\1.3.5\jakarta.annotation-api-1.3.5.jar;C:\Users\Ines Nfougui\.m2\repository\org\yaml\snakeyaml\
Launcher Type: SUN_STANDARD

[Global flags]
     intx CICompilerCount                          = 3                                         {product} {ergonomic}
     uint ConcGCThreads                            = 1                                         {product} {ergonomic}
     uint G1ConcRefinementThreads                  = 4                                         {product} {ergonomic}
   size_t G1HeapRegionSize                         = 1048576                                   {product} {ergonomic}
    uintx GCDrainStackTargetSize                   = 64                                        {product} {ergonomic}
   size_t InitialHeapSize                          = 33554432                                  {product} {ergonomic}
     bool ManagementServer                         = true                                      {product} {command line}
   size_t MarkStackSize                            = 4194304                                   {product} {ergonomic}
   size_t MaxHeapSize                              = 509607936                                 {product} {ergonomic}
   size_t MaxNewSize                               = 305135616                                 {product} {ergonomic}
   size_t MinHeapDeltaBytes                        = 1048576                                   {product} {ergonomic}
   size_t MinHeapSize                              = 8388608                                   {product} {ergonomic}
    uintx NonNMethodCodeHeapSize                   = 6973028                                {pd product} {ergonomic}
    uintx NonProfiledCodeHeapSize                  = 244685212                              {pd product} {ergonomic}
    uintx ProfiledCodeHeapSize                     = 0                                      {pd product} {ergonomic}
    uintx ReservedCodeCacheSize                    = 251658240                              {pd product} {ergonomic}
     bool SegmentedCodeCache                       = true                                      {product} {ergonomic}
     bool ShowCodeDetailsInExceptionMessages       = true                                   {manageable} {command line}
   size_t SoftMaxHeapSize                          = 509607936                              {manageable} {ergonomic}
     intx TieredStopAtLevel                        = 1                                         {product} {command line}
     bool UseCompressedClassPointers               = true                           {product lp64_product} {ergonomic}
     bool UseCompressedOops                        = true                           {product lp64_product} {ergonomic}
     bool UseG1GC                                  = true                                      {product} {ergonomic}
     bool UseLargePagesIndividualAllocation        = false                                  {pd product} {ergonomic}

Logging:
Log output configuration:
 #0: stdout all=warning uptime,level,tags
 #1: stderr all=off uptime,level,tags

Environment Variables:
PATH=C:/spring/sts-4.11.1.RELEASE//plugins/org.eclipse.justj.openjdk.hotspot.jre.full.win32.x86_64_16.0.2.v20210721-1149/jre/bin/server;C:/spring/sts-4.11.1.RELEASE//plugins/org.eclipse.justj.openjdk.hotspot.jre.full.win32.x86_64_16.0.2.v20210721-1149/jre/bin;C:\Program Files (x86)\VMware\VMware Workstation\bin\;C:\oraclexe\app\oracle\product\10.2.0\server\bin;C:\ProgramData\Oracle\Java\javapath;C:\Windows\system32;C:\Windows;C:\Windows\System32\Wbem;C:\Windows\System32\WindowsPowerShell\v1.0\;C:\Windows\System32\OpenSSH\;C:\Program Files\Java\jdk1.8.0_60\bin;C:\spring\apache-tomcat-8.5.28\bin;C:\composer;C:\xampp\php;C:\wamp64;C:\Program Files\dotnet\;C:\Program Files\Microsoft SQL Server\130\Tools\Binn\;C:\Program Files\Microsoft SQL Server\Client SDK\ODBC\170\Tools\Binn\;C:\Program Files\nodejs\;C:\Program Files\Git\cmd;C:\Users\Ines Nfougui\AppData\Local\Microsoft\WindowsApps;C:\Users\Ines Nfougui\AppData\Local\GitHubDesktop\bin;C:\xampp\php;C:\Users\Ines Nfougui\AppData\Roaming\Composer\vendor\bin;C:\wamp64\bin\php\php7.4.9;C:\Users\Ines Nfougui\.dotnet\tools;C:\Users\Ines Nfougui\AppData\Roaming\npm;C:\Users\Ines Nfougui\AppData\Local\Programs\Microsoft VS Code\bin;C:\spring\sts-4.11.1.RELEASE;
USERNAME=Ines Nfougui
OS=Windows_NT
PROCESSOR_IDENTIFIER=Intel64 Family 6 Model 58 Stepping 9, GenuineIntel



---------------  S Y S T E M  ---------------

OS:
 Windows 10 , 64 bit Build 19041 (10.0.19041.1503)
OS uptime: 0 days 11:25 hours

CPU: total 4 (initial active 4) (2 cores per cpu, 2 threads per core) family 6 model 58 stepping 9 microcode 0x21, cx8, cmov, fxsr, ht, mmx, sse, sse2, sse3, ssse3, sse4.1, sse4.2, popcnt, tsc, tscinvbit, avx, aes, erms, clmul, vzeroupper, clflush

Memory: 4k page, system-wide physical 1940M (288M free)
TotalPageFile size 7828M (AvailPageFile size 17M)
current process WorkingSet (physical memory assigned to process): 155M, peak: 155M
current process commit charge ("private bytes"): 212M, peak: 271M

vm_info: OpenJDK 64-Bit Server VM (16.0.2+7-67) for windows-amd64 JRE (16.0.2+7-67), built on Jun  8 2021 23:21:43 by "mach5one" with MS VC++ 16.7 (VS2019)

END.
