#
# There is insufficient memory for the Java Runtime Environment to continue.
# Native memory allocation (mmap) failed to map 79691776 bytes for G1 virtual space
# Possible reasons:
#   The system is out of physical RAM or swap space
#   The process is running with CompressedOops enabled, and the Java Heap may be blocking the growth of the native heap
# Possible solutions:
#   Reduce memory load on the system
#   Increase physical memory or swap space
#   Check if swap backing store is full
#   Decrease Java heap size (-Xmx/-Xms)
#   Decrease number of Java threads
#   Decrease Java thread stack sizes (-Xss)
#   Set larger code cache with -XX:ReservedCodeCacheSize=
#   JVM is running with Unscaled Compressed Oops mode in which the Java heap is
#     placed in the first 4GB address space. The Java Heap base address is the
#     maximum limit for the native heap growth. Please use -XX:HeapBaseMinAddress
#     to set the Java Heap base and to place the Java Heap above 4GB virtual address.
# This output file may be truncated or incomplete.
#
#  Out of Memory Error (os_windows.cpp:3466), pid=6152, tid=2940
#
# JRE version: OpenJDK Runtime Environment (16.0.2+7) (build 16.0.2+7-67)
# Java VM: OpenJDK 64-Bit Server VM (16.0.2+7-67, mixed mode, tiered, compressed oops, compressed class ptrs, g1 gc, windows-amd64)
# No core dump will be written. Minidumps are not enabled by default on client versions of Windows
#

---------------  S U M M A R Y ------------

Command Line: -Dcom.sun.management.jmxremote -Dcom.sun.management.jmxremote.port=58032 -Dcom.sun.management.jmxremote.authenticate=false -Dcom.sun.management.jmxremote.ssl=false -Djava.rmi.server.hostname=localhost -Dspring.jmx.enabled=true -Dspring.application.admin.enabled=true -XX:TieredStopAtLevel=1 -Dspring.boot.project.name=Work -Dfile.encoding=UTF-8 -XX:+ShowCodeDetailsInExceptionMessages tn.esprit.Work.WorkApplication --spring.output.ansi.enabled=always

Host: Intel(R) Core(TM) i5-3317U CPU @ 1.70GHz, 4 cores, 1G,  Windows 10 , 64 bit Build 19041 (10.0.19041.1503)
Time: Tue Mar  1 00:51:07 2022 Paris, Madrid elapsed time: 14.617439 seconds (0d 0h 0m 14s)

---------------  T H R E A D  ---------------

Current thread (0x000001de95e802f0):  VMThread "VM Thread" [stack: 0x0000009e3df00000,0x0000009e3e000000] [id=2940]

Stack: [0x0000009e3df00000,0x0000009e3e000000]
Native frames: (J=compiled Java code, j=interpreted, Vv=VM code, C=native code)
V  [jvm.dll+0x6681ca]
V  [jvm.dll+0x7c9e69]
V  [jvm.dll+0x7cb61e]
V  [jvm.dll+0x7cbc73]
V  [jvm.dll+0x242c55]
V  [jvm.dll+0x664f89]
V  [jvm.dll+0x659b75]
V  [jvm.dll+0x2fbfbb]
V  [jvm.dll+0x3031b6]
V  [jvm.dll+0x35299e]
V  [jvm.dll+0x352bcf]
V  [jvm.dll+0x2d3028]
V  [jvm.dll+0x2d0bb5]
V  [jvm.dll+0x2d01ec]
V  [jvm.dll+0x3152d2]
V  [jvm.dll+0x7d00ab]
V  [jvm.dll+0x7d0da4]
V  [jvm.dll+0x7d12a9]
V  [jvm.dll+0x7d1564]
V  [jvm.dll+0x7d1630]
V  [jvm.dll+0x7795aa]
V  [jvm.dll+0x667066]
C  [ucrtbase.dll+0x21bb2]
C  [KERNEL32.DLL+0x17034]
C  [ntdll.dll+0x52651]

VM_Operation (0x0000009e3d9fac70): G1CollectForAllocation, mode: safepoint, requested by thread 0x000001deffae3570


---------------  P R O C E S S  ---------------

Threads class SMR info:
_java_thread_list=0x000001de99032390, length=22, elements={
0x000001deffae3570, 0x000001de95e8d8c0, 0x000001de95e8e650, 0x000001de95eb00a0,
0x000001de95eb19c0, 0x000001de95eb22d0, 0x000001de95eb3920, 0x000001de95ed6ed0,
0x000001de95ee9ff0, 0x000001de96943310, 0x000001de96a73f10, 0x000001de971a82b0,
0x000001de97195370, 0x000001de96e69a80, 0x000001de972c6060, 0x000001de972fce50,
0x000001de9732d4c0, 0x000001de97320330, 0x000001de969815a0, 0x000001de96981af0,
0x000001de96982590, 0x000001de96982040
}

Java Threads: ( => current thread )
  0x000001deffae3570 JavaThread "main" [_thread_blocked, id=11956, stack(0x0000009e3d900000,0x0000009e3da00000)]
  0x000001de95e8d8c0 JavaThread "Reference Handler" daemon [_thread_blocked, id=8076, stack(0x0000009e3e000000,0x0000009e3e100000)]
  0x000001de95e8e650 JavaThread "Finalizer" daemon [_thread_blocked, id=9152, stack(0x0000009e3e100000,0x0000009e3e200000)]
  0x000001de95eb00a0 JavaThread "Signal Dispatcher" daemon [_thread_blocked, id=9376, stack(0x0000009e3e200000,0x0000009e3e300000)]
  0x000001de95eb19c0 JavaThread "Attach Listener" daemon [_thread_blocked, id=9920, stack(0x0000009e3e300000,0x0000009e3e400000)]
  0x000001de95eb22d0 JavaThread "Service Thread" daemon [_thread_blocked, id=6452, stack(0x0000009e3e400000,0x0000009e3e500000)]
  0x000001de95eb3920 JavaThread "Monitor Deflation Thread" daemon [_thread_blocked, id=928, stack(0x0000009e3e500000,0x0000009e3e600000)]
  0x000001de95ed6ed0 JavaThread "C1 CompilerThread0" daemon [_thread_blocked, id=7992, stack(0x0000009e3e600000,0x0000009e3e700000)]
  0x000001de95ee9ff0 JavaThread "Sweeper thread" daemon [_thread_blocked, id=6704, stack(0x0000009e3e700000,0x0000009e3e800000)]
  0x000001de96943310 JavaThread "Common-Cleaner" daemon [_thread_blocked, id=11720, stack(0x0000009e3e800000,0x0000009e3e900000)]
  0x000001de96a73f10 JavaThread "Notification Thread" daemon [_thread_blocked, id=7636, stack(0x0000009e3e900000,0x0000009e3ea00000)]
  0x000001de971a82b0 JavaThread "RMI TCP Accept-0" daemon [_thread_in_native, id=12656, stack(0x0000009e3ea00000,0x0000009e3eb00000)]
  0x000001de97195370 JavaThread "RMI TCP Accept-58032" daemon [_thread_in_native, id=10928, stack(0x0000009e3eb00000,0x0000009e3ec00000)]
  0x000001de96e69a80 JavaThread "RMI TCP Accept-0" daemon [_thread_in_native, id=8476, stack(0x0000009e3f000000,0x0000009e3f100000)]
  0x000001de972c6060 JavaThread "RMI TCP Connection(1)-127.0.0.1" daemon [_thread_in_native, id=10620, stack(0x0000009e3f200000,0x0000009e3f300000)]
  0x000001de972fce50 JavaThread "RMI Scheduler(0)" daemon [_thread_blocked, id=5336, stack(0x0000009e3f300000,0x0000009e3f400000)]
  0x000001de9732d4c0 JavaThread "RMI TCP Connection(2)-127.0.0.1" daemon [_thread_in_native, id=1212, stack(0x0000009e3f400000,0x0000009e3f500000)]
  0x000001de97320330 JavaThread "JMX server connection timeout 21" daemon [_thread_blocked, id=11800, stack(0x0000009e3f500000,0x0000009e3f600000)]
  0x000001de969815a0 JavaThread "Catalina-utility-1" [_thread_blocked, id=1056, stack(0x0000009e3f600000,0x0000009e3f700000)]
  0x000001de96981af0 JavaThread "Catalina-utility-2" [_thread_blocked, id=4248, stack(0x0000009e3f700000,0x0000009e3f800000)]
  0x000001de96982590 JavaThread "container-0" [_thread_blocked, id=6948, stack(0x0000009e3f800000,0x0000009e3f900000)]
  0x000001de96982040 JavaThread "mysql-cj-abandoned-connection-cleanup" daemon [_thread_blocked, id=11144, stack(0x0000009e3f900000,0x0000009e3fa00000)]

Other Threads:
=>0x000001de95e802f0 VMThread "VM Thread" [stack: 0x0000009e3df00000,0x0000009e3e000000] [id=2940]
  0x000001deffae4500 WatcherThread [stack: 0x0000009e3f100000,0x0000009e3f200000] [id=8604]
  0x000001deffb088a0 GCTaskThread "GC Thread#0" [stack: 0x0000009e3da00000,0x0000009e3db00000] [id=11912]
  0x000001de97186000 GCTaskThread "GC Thread#1" [stack: 0x0000009e3ec00000,0x0000009e3ed00000] [id=12860]
  0x000001de97186710 GCTaskThread "GC Thread#2" [stack: 0x0000009e3ed00000,0x0000009e3ee00000] [id=1088]
  0x000001de9717f850 GCTaskThread "GC Thread#3" [stack: 0x0000009e3ee00000,0x0000009e3ef00000] [id=2712]
  0x000001deffb0e5c0 ConcurrentGCThread "G1 Main Marker" [stack: 0x0000009e3db00000,0x0000009e3dc00000] [id=10956]
  0x000001deffb0efd0 ConcurrentGCThread "G1 Conc#0" [stack: 0x0000009e3dc00000,0x0000009e3dd00000] [id=1536]
  0x000001deffb48dd0 ConcurrentGCThread "G1 Refine#0" [stack: 0x0000009e3dd00000,0x0000009e3de00000] [id=6872]
  0x000001de97180ed0 ConcurrentGCThread "G1 Refine#1" [stack: 0x0000009e3ef00000,0x0000009e3f000000] [id=8924]
  0x000001deffb4a7f0 ConcurrentGCThread "G1 Service" [stack: 0x0000009e3de00000,0x0000009e3df00000] [id=9480]

Threads with active compile tasks:

VM state: at safepoint (normal execution)

VM Mutex/Monitor currently owned by a thread:  ([mutex/lock_event])
[0x000001deffae02d0] Threads_lock - owner thread: 0x000001de95e802f0
[0x000001deffae0990] Heap_lock - owner thread: 0x000001deffae3570

Heap address: 0x00000000e1a00000, size: 486 MB, Compressed Oops mode: 32-bit

CDS disabled.
Compressed class space mapped at: 0x0000000100000000-0x0000000140000000, reserved size: 1073741824
Narrow klass base: 0x0000000000000000, Narrow klass shift: 3, Narrow klass range: 0x140000000

GC Precious Log:
 CPUs: 4 total, 4 available
 Memory: 1940M
 Large Page Support: Disabled
 NUMA Support: Disabled
 Compressed Oops: Enabled (32-bit)
 Heap Region Size: 1M
 Heap Min Capacity: 8M
 Heap Initial Capacity: 32M
 Heap Max Capacity: 486M
 Pre-touch: Disabled
 Parallel Workers: 4
 Concurrent Workers: 1
 Concurrent Refinement Workers: 4
 Periodic GC: Disabled

Heap:
 garbage-first heap   total 78848K, used 23134K [0x00000000e1a00000, 0x0000000100000000)
  region size 1024K, 5 young (5120K), 5 survivors (5120K)
 Metaspace       used 49287K, committed 49728K, reserved 1097728K
  class space    used 6439K, committed 6656K, reserved 1048576K

Heap Regions: E=young(eden), S=young(survivor), O=old, HS=humongous(starts), HC=humongous(continues), CS=collection set, F=free, OA=open archive, CA=closed archive, TAMS=top-at-mark-start (previous, next)
|   0|0x00000000e1a00000, 0x00000000e1b00000, 0x00000000e1b00000|100%|HS|  |TAMS 0x00000000e1b00000, 0x00000000e1a00000| Complete 
|   1|0x00000000e1b00000, 0x00000000e1c00000, 0x00000000e1c00000|100%| O|  |TAMS 0x00000000e1c00000, 0x00000000e1b00000| Untracked 
|   2|0x00000000e1c00000, 0x00000000e1d00000, 0x00000000e1d00000|100%| O|  |TAMS 0x00000000e1d00000, 0x00000000e1c00000| Untracked 
|   3|0x00000000e1d00000, 0x00000000e1e00000, 0x00000000e1e00000|100%| O|  |TAMS 0x00000000e1e00000, 0x00000000e1d00000| Untracked 
|   4|0x00000000e1e00000, 0x00000000e1f00000, 0x00000000e1f00000|100%| O|  |TAMS 0x00000000e1f00000, 0x00000000e1e00000| Untracked 
|   5|0x00000000e1f00000, 0x00000000e2000000, 0x00000000e2000000|100%| O|  |TAMS 0x00000000e2000000, 0x00000000e1f00000| Untracked 
|   6|0x00000000e2000000, 0x00000000e2100000, 0x00000000e2100000|100%| O|  |TAMS 0x00000000e2100000, 0x00000000e2000000| Untracked 
|   7|0x00000000e2100000, 0x00000000e2200000, 0x00000000e2200000|100%| O|  |TAMS 0x00000000e2200000, 0x00000000e2100000| Untracked 
|   8|0x00000000e2200000, 0x00000000e2300000, 0x00000000e2300000|100%| O|  |TAMS 0x00000000e2300000, 0x00000000e2200000| Untracked 
|   9|0x00000000e2300000, 0x00000000e2400000, 0x00000000e2400000|100%| O|  |TAMS 0x00000000e2400000, 0x00000000e2300000| Untracked 
|  10|0x00000000e2400000, 0x00000000e2500000, 0x00000000e2500000|100%| O|  |TAMS 0x00000000e2500000, 0x00000000e2400000| Untracked 
|  11|0x00000000e2500000, 0x00000000e2600000, 0x00000000e2600000|100%| O|  |TAMS 0x00000000e2600000, 0x00000000e2500000| Untracked 
|  12|0x00000000e2600000, 0x00000000e2700000, 0x00000000e2700000|100%| O|  |TAMS 0x00000000e26e2e00, 0x00000000e2600000| Untracked 
|  13|0x00000000e2700000, 0x00000000e2800000, 0x00000000e2800000|100%| O|  |TAMS 0x00000000e2700000, 0x00000000e2700000| Untracked 
|  14|0x00000000e2800000, 0x00000000e2832600, 0x00000000e2900000| 19%| O|  |TAMS 0x00000000e2800000, 0x00000000e2800000| Untracked 
|  15|0x00000000e2900000, 0x00000000e2a00000, 0x00000000e2a00000|100%| O|  |TAMS 0x00000000e2900000, 0x00000000e2900000| Untracked 
|  16|0x00000000e2a00000, 0x00000000e2b00000, 0x00000000e2b00000|100%| O|  |TAMS 0x00000000e2a00000, 0x00000000e2a00000| Untracked 
|  17|0x00000000e2b00000, 0x00000000e2c00000, 0x00000000e2c00000|100%| O|  |TAMS 0x00000000e2b00000, 0x00000000e2b00000| Untracked 
|  18|0x00000000e2c00000, 0x00000000e2cef800, 0x00000000e2d00000| 93%| O|  |TAMS 0x00000000e2c00000, 0x00000000e2c00000| Untracked 
|  19|0x00000000e2d00000, 0x00000000e2d00000, 0x00000000e2e00000|  0%| F|  |TAMS 0x00000000e2d00000, 0x00000000e2d00000| Untracked 
|  20|0x00000000e2e00000, 0x00000000e2e00000, 0x00000000e2f00000|  0%| F|  |TAMS 0x00000000e2e00000, 0x00000000e2e00000| Untracked 
|  21|0x00000000e2f00000, 0x00000000e2f00000, 0x00000000e3000000|  0%| F|  |TAMS 0x00000000e2f00000, 0x00000000e2f00000| Untracked 
|  22|0x00000000e3000000, 0x00000000e3000000, 0x00000000e3100000|  0%| F|  |TAMS 0x00000000e3000000, 0x00000000e3000000| Untracked 
|  23|0x00000000e3100000, 0x00000000e3100000, 0x00000000e3200000|  0%| F|  |TAMS 0x00000000e3100000, 0x00000000e3100000| Untracked 
|  24|0x00000000e3200000, 0x00000000e3200000, 0x00000000e3300000|  0%| F|  |TAMS 0x00000000e3200000, 0x00000000e3200000| Untracked 
|  25|0x00000000e3300000, 0x00000000e3300000, 0x00000000e3400000|  0%| F|  |TAMS 0x00000000e3300000, 0x00000000e3300000| Untracked 
|  26|0x00000000e3400000, 0x00000000e3475af0, 0x00000000e3500000| 45%| S|CS|TAMS 0x00000000e3400000, 0x00000000e3400000| Complete 
|  27|0x00000000e3500000, 0x00000000e3600000, 0x00000000e3600000|100%| S|CS|TAMS 0x00000000e3500000, 0x00000000e3500000| Complete 
|  28|0x00000000e3600000, 0x00000000e3700000, 0x00000000e3700000|100%| S|CS|TAMS 0x00000000e3600000, 0x00000000e3600000| Complete 
|  29|0x00000000e3700000, 0x00000000e3800000, 0x00000000e3800000|100%| S|CS|TAMS 0x00000000e3700000, 0x00000000e3700000| Complete 
|  30|0x00000000e3800000, 0x00000000e3800000, 0x00000000e3900000|  0%| F|  |TAMS 0x00000000e3800000, 0x00000000e3800000| Untracked 
|  31|0x00000000e3900000, 0x00000000e3a00000, 0x00000000e3a00000|100%| S|CS|TAMS 0x00000000e3900000, 0x00000000e3900000| Complete 
|  32|0x00000000e3a00000, 0x00000000e3a00000, 0x00000000e3b00000|  0%| F|  |TAMS 0x00000000e3a00000, 0x00000000e3a00000| Untracked 
|  33|0x00000000e3b00000, 0x00000000e3b00000, 0x00000000e3c00000|  0%| F|  |TAMS 0x00000000e3b00000, 0x00000000e3b00000| Untracked 
|  34|0x00000000e3c00000, 0x00000000e3c00000, 0x00000000e3d00000|  0%| F|  |TAMS 0x00000000e3c00000, 0x00000000e3c00000| Untracked 
|  35|0x00000000e3d00000, 0x00000000e3d00000, 0x00000000e3e00000|  0%| F|  |TAMS 0x00000000e3d00000, 0x00000000e3d00000| Untracked 
|  36|0x00000000e3e00000, 0x00000000e3e00000, 0x00000000e3f00000|  0%| F|  |TAMS 0x00000000e3e00000, 0x00000000e3e00000| Untracked 
|  37|0x00000000e3f00000, 0x00000000e3f00000, 0x00000000e4000000|  0%| F|  |TAMS 0x00000000e3f00000, 0x00000000e3f00000| Untracked 
|  38|0x00000000e4000000, 0x00000000e4000000, 0x00000000e4100000|  0%| F|  |TAMS 0x00000000e4000000, 0x00000000e4000000| Untracked 
|  39|0x00000000e4100000, 0x00000000e4100000, 0x00000000e4200000|  0%| F|  |TAMS 0x00000000e4100000, 0x00000000e4100000| Untracked 
|  40|0x00000000e4200000, 0x00000000e4200000, 0x00000000e4300000|  0%| F|  |TAMS 0x00000000e4200000, 0x00000000e4200000| Untracked 
|  41|0x00000000e4300000, 0x00000000e4300000, 0x00000000e4400000|  0%| F|  |TAMS 0x00000000e4300000, 0x00000000e4300000| Untracked 
|  42|0x00000000e4400000, 0x00000000e4400000, 0x00000000e4500000|  0%| F|  |TAMS 0x00000000e4400000, 0x00000000e4400000| Untracked 
|  43|0x00000000e4500000, 0x00000000e4500000, 0x00000000e4600000|  0%| F|  |TAMS 0x00000000e4500000, 0x00000000e4500000| Untracked 
|  44|0x00000000e4600000, 0x00000000e4600000, 0x00000000e4700000|  0%| F|  |TAMS 0x00000000e4600000, 0x00000000e4600000| Untracked 
|  45|0x00000000e4700000, 0x00000000e4700000, 0x00000000e4800000|  0%| F|  |TAMS 0x00000000e4700000, 0x00000000e4700000| Untracked 
|  46|0x00000000e4800000, 0x00000000e4800000, 0x00000000e4900000|  0%| F|  |TAMS 0x00000000e4800000, 0x00000000e4800000| Untracked 
|  47|0x00000000e4900000, 0x00000000e4900000, 0x00000000e4a00000|  0%| F|  |TAMS 0x00000000e4900000, 0x00000000e4900000| Untracked 
|  48|0x00000000e4a00000, 0x00000000e4a00000, 0x00000000e4b00000|  0%| F|  |TAMS 0x00000000e4a00000, 0x00000000e4a00000| Untracked 
|  49|0x00000000e4b00000, 0x00000000e4b00000, 0x00000000e4c00000|  0%| F|  |TAMS 0x00000000e4b00000, 0x00000000e4b00000| Untracked 
|  50|0x00000000e4c00000, 0x00000000e4c00000, 0x00000000e4d00000|  0%| F|  |TAMS 0x00000000e4c00000, 0x00000000e4c00000| Untracked 
|  51|0x00000000e4d00000, 0x00000000e4d00000, 0x00000000e4e00000|  0%| F|  |TAMS 0x00000000e4d00000, 0x00000000e4d00000| Untracked 
|  52|0x00000000e4e00000, 0x00000000e4e00000, 0x00000000e4f00000|  0%| F|  |TAMS 0x00000000e4e00000, 0x00000000e4e00000| Untracked 
|  53|0x00000000e4f00000, 0x00000000e4f00000, 0x00000000e5000000|  0%| F|  |TAMS 0x00000000e4f00000, 0x00000000e4f00000| Untracked 
|  54|0x00000000e5000000, 0x00000000e5000000, 0x00000000e5100000|  0%| F|  |TAMS 0x00000000e5000000, 0x00000000e5000000| Untracked 
|  55|0x00000000e5100000, 0x00000000e5100000, 0x00000000e5200000|  0%| F|  |TAMS 0x00000000e5100000, 0x00000000e5100000| Untracked 
|  56|0x00000000e5200000, 0x00000000e5200000, 0x00000000e5300000|  0%| F|  |TAMS 0x00000000e5200000, 0x00000000e5200000| Untracked 
|  57|0x00000000e5300000, 0x00000000e5300000, 0x00000000e5400000|  0%| F|  |TAMS 0x00000000e5300000, 0x00000000e5300000| Untracked 
|  58|0x00000000e5400000, 0x00000000e5400000, 0x00000000e5500000|  0%| F|  |TAMS 0x00000000e5400000, 0x00000000e5400000| Untracked 
|  59|0x00000000e5500000, 0x00000000e5500000, 0x00000000e5600000|  0%| F|  |TAMS 0x00000000e5500000, 0x00000000e5500000| Untracked 
|  60|0x00000000e5600000, 0x00000000e5600000, 0x00000000e5700000|  0%| F|  |TAMS 0x00000000e5600000, 0x00000000e5600000| Untracked 
|  61|0x00000000e5700000, 0x00000000e5700000, 0x00000000e5800000|  0%| F|  |TAMS 0x00000000e5700000, 0x00000000e5700000| Untracked 
|  62|0x00000000e5800000, 0x00000000e5800000, 0x00000000e5900000|  0%| F|  |TAMS 0x00000000e5800000, 0x00000000e5800000| Untracked 
|  63|0x00000000e5900000, 0x00000000e5900000, 0x00000000e5a00000|  0%| F|  |TAMS 0x00000000e5900000, 0x00000000e5900000| Untracked 
|  64|0x00000000e5a00000, 0x00000000e5a00000, 0x00000000e5b00000|  0%| F|  |TAMS 0x00000000e5a00000, 0x00000000e5a00000| Untracked 
|  65|0x00000000e5b00000, 0x00000000e5b00000, 0x00000000e5c00000|  0%| F|  |TAMS 0x00000000e5b00000, 0x00000000e5b00000| Untracked 
|  66|0x00000000e5c00000, 0x00000000e5c00000, 0x00000000e5d00000|  0%| F|  |TAMS 0x00000000e5c00000, 0x00000000e5c00000| Untracked 
|  67|0x00000000e5d00000, 0x00000000e5d00000, 0x00000000e5e00000|  0%| F|  |TAMS 0x00000000e5d00000, 0x00000000e5d00000| Untracked 
|  68|0x00000000e5e00000, 0x00000000e5e00000, 0x00000000e5f00000|  0%| F|  |TAMS 0x00000000e5e00000, 0x00000000e5e00000| Untracked 
|  69|0x00000000e5f00000, 0x00000000e5f00000, 0x00000000e6000000|  0%| F|  |TAMS 0x00000000e5f00000, 0x00000000e5f00000| Untracked 
|  70|0x00000000e6000000, 0x00000000e6000000, 0x00000000e6100000|  0%| F|  |TAMS 0x00000000e6000000, 0x00000000e6000000| Untracked 
|  71|0x00000000e6100000, 0x00000000e6100000, 0x00000000e6200000|  0%| F|  |TAMS 0x00000000e6100000, 0x00000000e6100000| Untracked 
|  72|0x00000000e6200000, 0x00000000e6200000, 0x00000000e6300000|  0%| F|  |TAMS 0x00000000e6200000, 0x00000000e6200000| Untracked 
|  73|0x00000000e6300000, 0x00000000e6300000, 0x00000000e6400000|  0%| F|  |TAMS 0x00000000e6300000, 0x00000000e6300000| Untracked 
|  74|0x00000000e6400000, 0x00000000e6400000, 0x00000000e6500000|  0%| F|  |TAMS 0x00000000e6400000, 0x00000000e6400000| Untracked 
|  75|0x00000000e6500000, 0x00000000e6500000, 0x00000000e6600000|  0%| F|  |TAMS 0x00000000e6500000, 0x00000000e6500000| Untracked 
|  76|0x00000000e6600000, 0x00000000e6600000, 0x00000000e6700000|  0%| F|  |TAMS 0x00000000e6600000, 0x00000000e6600000| Untracked 

Card table byte_map: [0x000001de927c0000,0x000001de928c0000] _byte_map_base: 0x000001de920b3000

Marking Bits (Prev, Next): (CMBitMap*) 0x000001deffb09eb0, (CMBitMap*) 0x000001deffb09ef0
 Prev Bits: [0x000001de929c0000, 0x000001de93158000)
 Next Bits: [0x000001de93160000, 0x000001de938f8000)

Polling page: 0x000001defe470000

Metaspace:

Usage:
  Non-class:     41.84 MB used.
      Class:      6.29 MB used.
       Both:     48.13 MB used.

Virtual space:
  Non-class space:       48.00 MB reserved,      42.06 MB ( 88%) committed,  6 nodes.
      Class space:        1.00 GB reserved,       6.50 MB ( <1%) committed,  1 nodes.
              Both:        1.05 GB reserved,      48.56 MB (  5%) committed. 

Chunk freelists:
   Non-Class:  1.23 MB
       Class:  1.53 MB
        Both:  2.77 MB

MaxMetaspaceSize: 17179869184.00 GB
CompressedClassSpaceSize: 1.00 GB
 - commit_granule_bytes: 65536.
 - commit_granule_words: 8192.
 - virtual_space_node_default_size: 1048576.
 - enlarge_chunks_in_place: 1.
 - new_chunks_are_fully_committed: 0.
 - uncommit_free_chunks: 1.
 - use_allocation_guard: 0.
 - handle_deallocations: 1.


Internal statistics:

num_allocs_failed_limit: 6.
num_arena_births: 490.
num_arena_deaths: 0.
num_vsnodes_births: 7.
num_vsnodes_deaths: 0.
num_space_committed: 777.
num_space_uncommitted: 0.
num_chunks_returned_to_freelist: 6.
num_chunks_taken_from_freelist: 1893.
num_chunk_merges: 6.
num_chunk_splits: 1320.
num_chunks_enlarged: 998.
num_purges: 0.

CodeHeap 'non-profiled nmethods': size=238912Kb used=6585Kb max_used=6585Kb free=232326Kb
 bounds [0x000001de83b50000, 0x000001de841c0000, 0x000001de924a0000]
CodeHeap 'non-nmethods': size=6848Kb used=1233Kb max_used=1233Kb free=5614Kb
 bounds [0x000001de834a0000, 0x000001de83710000, 0x000001de83b50000]
 total_blobs=4585 nmethods=4043 adapters=469
 compilation: enabled
              stopped_count=0, restarted_count=0
 full_count=0

Compilation events (20 events):
Event: 14.567 Thread 0x000001de95ed6ed0 4035       1       java.security.Provider::getName (5 bytes)
Event: 14.567 Thread 0x000001de95ed6ed0 nmethod 4035 0x000001de841bb590 code [0x000001de841bb720, 0x000001de841bb7f8]
Event: 14.571 Thread 0x000001de95ed6ed0 4036       1       jdk.internal.jimage.ImageBufferCache$2::compare (13 bytes)
Event: 14.572 Thread 0x000001de95ed6ed0 nmethod 4036 0x000001de841bb890 code [0x000001de841bba40, 0x000001de841bbbf8]
Event: 14.572 Thread 0x000001de95ed6ed0 4037       1       jdk.internal.jimage.ImageBufferCache$2::compare (28 bytes)
Event: 14.572 Thread 0x000001de95ed6ed0 nmethod 4037 0x000001de841bbd10 code [0x000001de841bbea0, 0x000001de841bbfd8]
Event: 14.574 Thread 0x000001de95ed6ed0 4038       1       sun.nio.cs.ext.AbstractCharsetProvider::put (20 bytes)
Event: 14.574 Thread 0x000001de95ed6ed0 nmethod 4038 0x000001de841bc090 code [0x000001de841bc240, 0x000001de841bc358]
Event: 14.575 Thread 0x000001de95ed6ed0 4039       1       java.util.ImmutableCollections$AbstractImmutableList::iterator (13 bytes)
Event: 14.575 Thread 0x000001de95ed6ed0 nmethod 4039 0x000001de841bc410 code [0x000001de841bc5c0, 0x000001de841bc788]
Event: 14.575 Thread 0x000001de95ed6ed0 4040       1       java.util.ImmutableCollections$ListItr::<init> (25 bytes)
Event: 14.575 Thread 0x000001de95ed6ed0 nmethod 4040 0x000001de841bc810 code [0x000001de841bc9a0, 0x000001de841bcab8]
Event: 14.577 Thread 0x000001de95ed6ed0 4041  s    1       java.io.ByteArrayOutputStream::write (43 bytes)
Event: 14.578 Thread 0x000001de95ed6ed0 nmethod 4041 0x000001de841bcb10 code [0x000001de841bcd00, 0x000001de841bd1f8]
Event: 14.590 Thread 0x000001de95ed6ed0 4042   !   1       java.util.zip.Inflater::end (37 bytes)
Event: 14.590 Thread 0x000001de95ed6ed0 nmethod 4042 0x000001de841bd810 code [0x000001de841bd9e0, 0x000001de841bdce8]
Event: 14.590 Thread 0x000001de95ed6ed0 4043       1       java.util.zip.Inflater$InflaterZStreamRef::clean (10 bytes)
Event: 14.591 Thread 0x000001de95ed6ed0 nmethod 4043 0x000001de841bdf10 code [0x000001de841be0c0, 0x000001de841be228]
Event: 14.591 Thread 0x000001de95ed6ed0 4044  s    1       java.util.zip.Inflater$InflaterZStreamRef::run (21 bytes)
Event: 14.591 Thread 0x000001de95ed6ed0 nmethod 4044 0x000001de841be310 code [0x000001de841be4c0, 0x000001de841be668]

GC Heap History (20 events):
Event: 8.201 GC heap after
{Heap after GC invocations=12 (full 0):
 garbage-first heap   total 39936K, used 13583K [0x00000000e1a00000, 0x0000000100000000)
  region size 1024K, 2 young (2048K), 2 survivors (2048K)
 Metaspace       used 28578K, committed 28864K, reserved 1081344K
  class space    used 3482K, committed 3584K, reserved 1048576K
}
Event: 8.401 GC heap before
{Heap before GC invocations=12 (full 0):
 garbage-first heap   total 39936K, used 29967K [0x00000000e1a00000, 0x0000000100000000)
  region size 1024K, 19 young (19456K), 2 survivors (2048K)
 Metaspace       used 29488K, committed 29824K, reserved 1081344K
  class space    used 3571K, committed 3712K, reserved 1048576K
}
Event: 8.405 GC heap after
{Heap after GC invocations=13 (full 0):
 garbage-first heap   total 39936K, used 13946K [0x00000000e1a00000, 0x0000000100000000)
  region size 1024K, 2 young (2048K), 2 survivors (2048K)
 Metaspace       used 29488K, committed 29824K, reserved 1081344K
  class space    used 3571K, committed 3712K, reserved 1048576K
}
Event: 8.787 GC heap before
{Heap before GC invocations=13 (full 0):
 garbage-first heap   total 39936K, used 31354K [0x00000000e1a00000, 0x0000000100000000)
  region size 1024K, 19 young (19456K), 2 survivors (2048K)
 Metaspace       used 30315K, committed 30720K, reserved 1081344K
  class space    used 3707K, committed 3904K, reserved 1048576K
}
Event: 8.793 GC heap after
{Heap after GC invocations=14 (full 0):
 garbage-first heap   total 39936K, used 14843K [0x00000000e1a00000, 0x0000000100000000)
  region size 1024K, 3 young (3072K), 3 survivors (3072K)
 Metaspace       used 30315K, committed 30720K, reserved 1081344K
  class space    used 3707K, committed 3904K, reserved 1048576K
}
Event: 9.408 GC heap before
{Heap before GC invocations=14 (full 0):
 garbage-first heap   total 39936K, used 31227K [0x00000000e1a00000, 0x0000000100000000)
  region size 1024K, 19 young (19456K), 3 survivors (3072K)
 Metaspace       used 32918K, committed 33280K, reserved 1081344K
  class space    used 4163K, committed 4352K, reserved 1048576K
}
Event: 9.417 GC heap after
{Heap after GC invocations=15 (full 0):
 garbage-first heap   total 39936K, used 15451K [0x00000000e1a00000, 0x0000000100000000)
  region size 1024K, 3 young (3072K), 3 survivors (3072K)
 Metaspace       used 32918K, committed 33280K, reserved 1081344K
  class space    used 4163K, committed 4352K, reserved 1048576K
}
Event: 10.065 GC heap before
{Heap before GC invocations=15 (full 0):
 garbage-first heap   total 39936K, used 30811K [0x00000000e1a00000, 0x0000000100000000)
  region size 1024K, 19 young (19456K), 3 survivors (3072K)
 Metaspace       used 35225K, committed 35520K, reserved 1081344K
  class space    used 4516K, committed 4672K, reserved 1048576K
}
Event: 10.077 GC heap after
{Heap after GC invocations=16 (full 0):
 garbage-first heap   total 78848K, used 16799K [0x00000000e1a00000, 0x0000000100000000)
  region size 1024K, 3 young (3072K), 3 survivors (3072K)
 Metaspace       used 35225K, committed 35520K, reserved 1081344K
  class space    used 4516K, committed 4672K, reserved 1048576K
}
Event: 11.369 GC heap before
{Heap before GC invocations=17 (full 0):
 garbage-first heap   total 65536K, used 51615K [0x00000000e1a00000, 0x0000000100000000)
  region size 1024K, 38 young (38912K), 3 survivors (3072K)
 Metaspace       used 38689K, committed 39104K, reserved 1089536K
  class space    used 4989K, committed 5184K, reserved 1048576K
}
Event: 11.385 GC heap after
{Heap after GC invocations=18 (full 0):
 garbage-first heap   total 65536K, used 18842K [0x00000000e1a00000, 0x0000000100000000)
  region size 1024K, 5 young (5120K), 5 survivors (5120K)
 Metaspace       used 38689K, committed 39104K, reserved 1089536K
  class space    used 4989K, committed 5184K, reserved 1048576K
}
Event: 11.393 GC heap before
{Heap before GC invocations=18 (full 0):
 garbage-first heap   total 65536K, used 46490K [0x00000000e1a00000, 0x0000000100000000)
  region size 1024K, 33 young (33792K), 5 survivors (5120K)
 Metaspace       used 38689K, committed 39104K, reserved 1089536K
  class space    used 4989K, committed 5184K, reserved 1048576K
}
Event: 11.406 GC heap after
{Heap after GC invocations=19 (full 0):
 garbage-first heap   total 65536K, used 18956K [0x00000000e1a00000, 0x0000000100000000)
  region size 1024K, 3 young (3072K), 3 survivors (3072K)
 Metaspace       used 38689K, committed 39104K, reserved 1089536K
  class space    used 4989K, committed 5184K, reserved 1048576K
}
Event: 11.618 GC heap before
{Heap before GC invocations=19 (full 0):
 garbage-first heap   total 65536K, used 48652K [0x00000000e1a00000, 0x0000000100000000)
  region size 1024K, 33 young (33792K), 3 survivors (3072K)
 Metaspace       used 39006K, committed 39360K, reserved 1089536K
  class space    used 5025K, committed 5184K, reserved 1048576K
}
Event: 11.626 GC heap after
{Heap after GC invocations=20 (full 0):
 garbage-first heap   total 65536K, used 19104K [0x00000000e1a00000, 0x0000000100000000)
  region size 1024K, 3 young (3072K), 3 survivors (3072K)
 Metaspace       used 39006K, committed 39360K, reserved 1089536K
  class space    used 5025K, committed 5184K, reserved 1048576K
}
Event: 12.001 GC heap before
{Heap before GC invocations=20 (full 0):
 garbage-first heap   total 65536K, used 50848K [0x00000000e1a00000, 0x0000000100000000)
  region size 1024K, 35 young (35840K), 3 survivors (3072K)
 Metaspace       used 40546K, committed 40960K, reserved 1089536K
  class space    used 5194K, committed 5376K, reserved 1048576K
}
Event: 12.012 GC heap after
{Heap after GC invocations=21 (full 0):
 garbage-first heap   total 65536K, used 20587K [0x00000000e1a00000, 0x0000000100000000)
  region size 1024K, 4 young (4096K), 4 survivors (4096K)
 Metaspace       used 40546K, committed 40960K, reserved 1089536K
  class space    used 5194K, committed 5376K, reserved 1048576K
}
Event: 12.573 GC heap before
{Heap before GC invocations=21 (full 0):
 garbage-first heap   total 65536K, used 51307K [0x00000000e1a00000, 0x0000000100000000)
  region size 1024K, 35 young (35840K), 4 survivors (4096K)
 Metaspace       used 42067K, committed 42432K, reserved 1089536K
  class space    used 5376K, committed 5568K, reserved 1048576K
}
Event: 12.633 GC heap after
{Heap after GC invocations=22 (full 0):
 garbage-first heap   total 65536K, used 20539K [0x00000000e1a00000, 0x0000000100000000)
  region size 1024K, 2 young (2048K), 2 survivors (2048K)
 Metaspace       used 42067K, committed 42432K, reserved 1089536K
  class space    used 5376K, committed 5568K, reserved 1048576K
}
Event: 14.604 GC heap before
{Heap before GC invocations=22 (full 0):
 garbage-first heap   total 65536K, used 52283K [0x00000000e1a00000, 0x0000000100000000)
  region size 1024K, 33 young (33792K), 2 survivors (2048K)
 Metaspace       used 49287K, committed 49728K, reserved 1097728K
  class space    used 6439K, committed 6656K, reserved 1048576K
}

Deoptimization events (2 events):
Event: 9.149 Thread 0x000001deffae3570 DEOPT PACKING pc=0x000001de83e8ad3c sp=0x0000009e3d9fd990
Event: 9.150 Thread 0x000001deffae3570 DEOPT UNPACKING pc=0x000001de834edece sp=0x0000009e3d9fcee8 mode 0

Classes unloaded (0 events):
No events

Classes redefined (0 events):
No events

Internal exceptions (20 events):
Event: 10.213 Thread 0x000001deffae3570 Exception <a 'java/lang/ClassNotFoundException'{0x00000000e570ff88}: org/springframework/transaction/annotation/AbstractTransactionManagementConfigurationCustomizer> (0x00000000e570ff88) 
thrown [t:\workspace\open\src\hotspot\share\classfile\systemDictionary.cpp, line 256]
Event: 10.214 Thread 0x000001deffae3570 Exception <a 'java/lang/ClassNotFoundException'{0x00000000e57177d8}: org/springframework/transaction/annotation/ProxyTransactionManagementConfigurationCustomizer> (0x00000000e57177d8) 
thrown [t:\workspace\open\src\hotspot\share\classfile\systemDictionary.cpp, line 256]
Event: 10.216 Thread 0x000001deffae3570 Exception <a 'java/lang/ClassNotFoundException'{0x00000000e5720300}: org/springframework/context/annotation/ImportAwareCustomizer> (0x00000000e5720300) 
thrown [t:\workspace\open\src\hotspot\share\classfile\systemDictionary.cpp, line 256]
Event: 10.218 Thread 0x000001deffae3570 Exception <a 'java/lang/ClassNotFoundException'{0x00000000e5725ec0}: org/springframework/beans/factory/AwareCustomizer> (0x00000000e5725ec0) 
thrown [t:\workspace\open\src\hotspot\share\classfile\systemDictionary.cpp, line 256]
Event: 10.306 Thread 0x000001deffae3570 Exception <a 'java/lang/NoSuchMethodError'{0x00000000e56e2040}: 'java.lang.Object java.lang.invoke.DirectMethodHandle$Holder.invokeSpecialIFC(java.lang.Object, java.lang.Object, java.lang.Object)'> (0x00000000e56e2040) 
thrown [t:\workspace\open\src\hotspot\share\interpreter\linkResolver.cpp, line 790]
Event: 10.406 Thread 0x000001deffae3570 Exception <a 'java/lang/UnsatisfiedLinkError'{0x00000000e55fe010}> (0x00000000e55fe010) 
thrown [t:\workspace\open\src\hotspot\share\prims\jvm.cpp, line 3639]
Event: 10.406 Thread 0x000001deffae3570 Exception <a 'java/lang/UnsatisfiedLinkError'{0x00000000e55fe010}> (0x00000000e55fe010) 
thrown [t:\workspace\open\src\hotspot\share\prims\jni.cpp, line 579]
Event: 10.416 Thread 0x000001deffae3570 Exception <a 'java/lang/NoClassDefFoundError'{0x00000000e541bf90}: sun/reflect/Reflection> (0x00000000e541bf90) 
thrown [t:\workspace\open\src\hotspot\share\classfile\systemDictionary.cpp, line 245]
Event: 10.496 Thread 0x000001de9732d4c0 Exception <a 'java/lang/reflect/InvocationTargetException'{0x00000000e5382590}> (0x00000000e5382590) 
thrown [t:\workspace\open\src\hotspot\share\runtime\reflection.cpp, line 1157]
Event: 10.580 Thread 0x000001deffae3570 Exception <a 'java/lang/NoSuchMethodError'{0x00000000e52d6260}: 'void java.lang.invoke.DirectMethodHandle$Holder.invokeInterface(java.lang.Object, java.lang.Object, int)'> (0x00000000e52d6260) 
thrown [t:\workspace\open\src\hotspot\share\interpreter\linkResolver.cpp, line 790]
Event: 10.591 Thread 0x000001deffae3570 Exception <a 'java/lang/IncompatibleClassChangeError'{0x00000000e512ead0}: Found class java.lang.Object, but interface was expected> (0x00000000e512ead0) 
thrown [t:\workspace\open\src\hotspot\share\interpreter\linkResolver.cpp, line 857]
Event: 10.592 Thread 0x000001deffae3570 Exception <a 'java/lang/NoSuchMethodError'{0x00000000e5133f08}: 'void java.lang.invoke.DirectMethodHandle$Holder.invokeStatic(java.lang.Object, int, java.lang.Object)'> (0x00000000e5133f08) 
thrown [t:\workspace\open\src\hotspot\share\interpreter\linkResolver.cpp, line 790]
Event: 10.598 Thread 0x000001deffae3570 Exception <a 'java/lang/NoSuchMethodError'{0x00000000e5164288}: 'int java.lang.invoke.DirectMethodHandle$Holder.invokeSpecial(java.lang.Object, java.lang.Object, int)'> (0x00000000e5164288) 
thrown [t:\workspace\open\src\hotspot\share\interpreter\linkResolver.cpp, line 790]
Event: 11.009 Thread 0x000001de9732d4c0 Exception <a 'java/lang/reflect/InvocationTargetException'{0x00000000e4701338}> (0x00000000e4701338) 
thrown [t:\workspace\open\src\hotspot\share\runtime\reflection.cpp, line 1157]
Event: 11.561 Thread 0x000001deffae3570 Exception <a 'java/io/FileNotFoundException'{0x00000000e4438290}> (0x00000000e4438290) 
thrown [t:\workspace\open\src\hotspot\share\prims\jni.cpp, line 579]
Event: 11.562 Thread 0x000001de9732d4c0 Exception <a 'java/lang/reflect/InvocationTargetException'{0x00000000e4482988}> (0x00000000e4482988) 
thrown [t:\workspace\open\src\hotspot\share\runtime\reflection.cpp, line 1157]
Event: 12.068 Thread 0x000001de9732d4c0 Exception <a 'java/lang/reflect/InvocationTargetException'{0x00000000e43004b8}> (0x00000000e43004b8) 
thrown [t:\workspace\open\src\hotspot\share\runtime\reflection.cpp, line 1157]
Event: 12.121 Thread 0x000001deffae3570 Exception <a 'java/lang/NoSuchMethodError'{0x00000000e43927a0}: 'java.lang.Object java.lang.invoke.DirectMethodHandle$Holder.invokeStatic(java.lang.Object, int, java.lang.Object)'> (0x00000000e43927a0) 
thrown [t:\workspace\open\src\hotspot\share\interpreter\linkResolver.cpp, line 790]
Event: 12.128 Thread 0x000001deffae3570 Exception <a 'java/lang/NoSuchMethodError'{0x00000000e43c2ff8}: 'int java.lang.invoke.DirectMethodHandle$Holder.invokeInterface(java.lang.Object, java.lang.Object, java.lang.Object, java.lang.Object)'> (0x00000000e43c2ff8) 
thrown [t:\workspace\open\src\hotspot\share\interpreter\linkResolver.cpp, line 790]
Event: 12.400 Thread 0x000001deffae3570 Exception <a 'java/io/FileNotFoundException'{0x00000000e3fa02a0}> (0x00000000e3fa02a0) 
thrown [t:\workspace\open\src\hotspot\share\prims\jni.cpp, line 579]

Events (20 events):
Event: 14.569 loading class java/nio/charset/Charset$ExtendedProviderHolder$1 done
Event: 14.578 loading class sun/nio/cs/DoubleByte$Decoder
Event: 14.579 loading class sun/nio/cs/DelegatableDecoder
Event: 14.579 loading class sun/nio/cs/DelegatableDecoder done
Event: 14.579 loading class sun/nio/cs/DoubleByte$Decoder done
Event: 14.580 Executing  VM operation: HandshakeAllThreads
Event: 14.580 Executing  VM operation: HandshakeAllThreads done
Event: 14.580 loading class sun/nio/cs/DoubleByte$Encoder
Event: 14.580 loading class sun/nio/cs/ArrayEncoder
Event: 14.581 loading class sun/nio/cs/ArrayEncoder done
Event: 14.581 loading class sun/nio/cs/DoubleByte$Encoder done
Event: 14.581 loading class sun/nio/cs/GBK
Event: 14.583 loading class sun/nio/cs/GBK done
Event: 14.584 loading class sun/nio/cs/SJIS
Event: 14.585 loading class sun/nio/cs/SJIS done
Event: 14.587 loading class sun/nio/cs/MS932
Event: 14.588 loading class sun/nio/cs/MS932 done
Event: 14.593 loading class sun/nio/cs/GB18030
Event: 14.601 loading class sun/nio/cs/GB18030 done
Event: 14.604 Executing  VM operation: G1CollectForAllocation


Dynamic libraries:
0x00007ff697680000 - 0x00007ff69768e000 	C:\spring\sts-4.11.1.RELEASE\plugins\org.eclipse.justj.openjdk.hotspot.jre.full.win32.x86_64_16.0.2.v20210721-1149\jre\bin\javaw.exe
0x00007ffb77b70000 - 0x00007ffb77d65000 	C:\Windows\SYSTEM32\ntdll.dll
0x00007ffb76dc0000 - 0x00007ffb76e7e000 	C:\Windows\System32\KERNEL32.DLL
0x00007ffb75620000 - 0x00007ffb758e8000 	C:\Windows\System32\KERNELBASE.dll
0x00007ffb75280000 - 0x00007ffb75380000 	C:\Windows\System32\ucrtbase.dll
0x00007ffb6ed40000 - 0x00007ffb6ed58000 	C:\spring\sts-4.11.1.RELEASE\plugins\org.eclipse.justj.openjdk.hotspot.jre.full.win32.x86_64_16.0.2.v20210721-1149\jre\bin\jli.dll
0x00007ffb766e0000 - 0x00007ffb76880000 	C:\Windows\System32\USER32.dll
0x00007ffb75b90000 - 0x00007ffb75bb2000 	C:\Windows\System32\win32u.dll
0x00007ffb76f10000 - 0x00007ffb76f3b000 	C:\Windows\System32\GDI32.dll
0x00007ffb75380000 - 0x00007ffb7548d000 	C:\Windows\System32\gdi32full.dll
0x00007ffb75a40000 - 0x00007ffb75add000 	C:\Windows\System32\msvcp_win.dll
0x00007ffb6ecc0000 - 0x00007ffb6ecd9000 	C:\spring\sts-4.11.1.RELEASE\plugins\org.eclipse.justj.openjdk.hotspot.jre.full.win32.x86_64_16.0.2.v20210721-1149\jre\bin\VCRUNTIME140.dll
0x00007ffb646c0000 - 0x00007ffb6495a000 	C:\Windows\WinSxS\amd64_microsoft.windows.common-controls_6595b64144ccf1df_6.0.19041.1110_none_60b5254171f9507e\COMCTL32.dll
0x00007ffb75ec0000 - 0x00007ffb75f5e000 	C:\Windows\System32\msvcrt.dll
0x00007ffb76230000 - 0x00007ffb76260000 	C:\Windows\System32\IMM32.DLL
0x00007ffb72a90000 - 0x00007ffb72a9c000 	C:\spring\sts-4.11.1.RELEASE\plugins\org.eclipse.justj.openjdk.hotspot.jre.full.win32.x86_64_16.0.2.v20210721-1149\jre\bin\vcruntime140_1.dll
0x00007ffb4e4a0000 - 0x00007ffb4e531000 	C:\spring\sts-4.11.1.RELEASE\plugins\org.eclipse.justj.openjdk.hotspot.jre.full.win32.x86_64_16.0.2.v20210721-1149\jre\bin\msvcp140.dll
0x00007ffb25f90000 - 0x00007ffb26b3b000 	C:\spring\sts-4.11.1.RELEASE\plugins\org.eclipse.justj.openjdk.hotspot.jre.full.win32.x86_64_16.0.2.v20210721-1149\jre\bin\server\jvm.dll
0x00007ffb75e10000 - 0x00007ffb75ebe000 	C:\Windows\System32\ADVAPI32.dll
0x00007ffb75d70000 - 0x00007ffb75e0c000 	C:\Windows\System32\sechost.dll
0x00007ffb75f60000 - 0x00007ffb76085000 	C:\Windows\System32\RPCRT4.dll
0x00007ffb766d0000 - 0x00007ffb766d8000 	C:\Windows\System32\PSAPI.DLL
0x00007ffb72ac0000 - 0x00007ffb72ac9000 	C:\Windows\SYSTEM32\WSOCK32.dll
0x00007ffb761c0000 - 0x00007ffb7622b000 	C:\Windows\System32\WS2_32.dll
0x00007ffb61770000 - 0x00007ffb61797000 	C:\Windows\SYSTEM32\WINMM.dll
0x00007ffb65e10000 - 0x00007ffb65e1a000 	C:\Windows\SYSTEM32\VERSION.dll
0x00007ffb73170000 - 0x00007ffb73182000 	C:\Windows\SYSTEM32\kernel.appcore.dll
0x00007ffb6f940000 - 0x00007ffb6f94a000 	C:\spring\sts-4.11.1.RELEASE\plugins\org.eclipse.justj.openjdk.hotspot.jre.full.win32.x86_64_16.0.2.v20210721-1149\jre\bin\jimage.dll
0x00007ffb64f30000 - 0x00007ffb65114000 	C:\Windows\SYSTEM32\DBGHELP.DLL
0x00007ffb64ca0000 - 0x00007ffb64ccc000 	C:\Windows\SYSTEM32\dbgcore.DLL
0x00007ffb759b0000 - 0x00007ffb75a32000 	C:\Windows\System32\bcryptPrimitives.dll
0x00007ffb6eda0000 - 0x00007ffb6edc5000 	C:\spring\sts-4.11.1.RELEASE\plugins\org.eclipse.justj.openjdk.hotspot.jre.full.win32.x86_64_16.0.2.v20210721-1149\jre\bin\java.dll
0x00007ffb6bea0000 - 0x00007ffb6beb8000 	C:\spring\sts-4.11.1.RELEASE\plugins\org.eclipse.justj.openjdk.hotspot.jre.full.win32.x86_64_16.0.2.v20210721-1149\jre\bin\zip.dll
0x00007ffb76ff0000 - 0x00007ffb77734000 	C:\Windows\System32\SHELL32.dll
0x00007ffb73370000 - 0x00007ffb73b04000 	C:\Windows\SYSTEM32\windows.storage.dll
0x00007ffb77740000 - 0x00007ffb77a95000 	C:\Windows\System32\combase.dll
0x00007ffb74c00000 - 0x00007ffb74c2e000 	C:\Windows\SYSTEM32\Wldp.dll
0x00007ffb76f40000 - 0x00007ffb76fed000 	C:\Windows\System32\SHCORE.dll
0x00007ffb76880000 - 0x00007ffb768d5000 	C:\Windows\System32\shlwapi.dll
0x00007ffb751c0000 - 0x00007ffb751df000 	C:\Windows\SYSTEM32\profapi.dll
0x00007ffb6ad90000 - 0x00007ffb6ada9000 	C:\spring\sts-4.11.1.RELEASE\plugins\org.eclipse.justj.openjdk.hotspot.jre.full.win32.x86_64_16.0.2.v20210721-1149\jre\bin\net.dll
0x00007ffb68040000 - 0x00007ffb6814c000 	C:\Windows\SYSTEM32\WINHTTP.dll
0x00007ffb74960000 - 0x00007ffb749ca000 	C:\Windows\system32\mswsock.dll
0x00007ffb6a860000 - 0x00007ffb6a873000 	C:\spring\sts-4.11.1.RELEASE\plugins\org.eclipse.justj.openjdk.hotspot.jre.full.win32.x86_64_16.0.2.v20210721-1149\jre\bin\nio.dll
0x00007ffb6e7a0000 - 0x00007ffb6e7a9000 	C:\spring\sts-4.11.1.RELEASE\plugins\org.eclipse.justj.openjdk.hotspot.jre.full.win32.x86_64_16.0.2.v20210721-1149\jre\bin\management.dll
0x00007ffb6e790000 - 0x00007ffb6e79b000 	C:\spring\sts-4.11.1.RELEASE\plugins\org.eclipse.justj.openjdk.hotspot.jre.full.win32.x86_64_16.0.2.v20210721-1149\jre\bin\management_ext.dll
0x00007ffb70280000 - 0x00007ffb70297000 	C:\Windows\system32\napinsp.dll
0x00007ffb6ef20000 - 0x00007ffb6ef3b000 	C:\Windows\system32\pnrpnsp.dll
0x00007ffb56ed0000 - 0x00007ffb56ee5000 	C:\Windows\system32\wshbth.dll
0x00007ffb70c60000 - 0x00007ffb70c7d000 	C:\Windows\system32\NLAapi.dll
0x00007ffb74650000 - 0x00007ffb7468b000 	C:\Windows\SYSTEM32\IPHLPAPI.DLL
0x00007ffb74690000 - 0x00007ffb7475b000 	C:\Windows\SYSTEM32\DNSAPI.dll
0x00007ffb761b0000 - 0x00007ffb761b8000 	C:\Windows\System32\NSI.dll
0x00007ffb6ee60000 - 0x00007ffb6ee72000 	C:\Windows\System32\winrnr.dll
0x00007ffb67d00000 - 0x00007ffb67d0a000 	C:\Windows\System32\rasadhlp.dll
0x00007ffb67e80000 - 0x00007ffb67eff000 	C:\Windows\System32\fwpuclnt.dll
0x00007ffb75490000 - 0x00007ffb754b7000 	C:\Windows\System32\bcrypt.dll
0x00007ffb74b50000 - 0x00007ffb74b68000 	C:\Windows\SYSTEM32\CRYPTSP.dll
0x00007ffb742e0000 - 0x00007ffb74314000 	C:\Windows\system32\rsaenh.dll
0x00007ffb75180000 - 0x00007ffb751ae000 	C:\Windows\SYSTEM32\USERENV.dll
0x00007ffb74b70000 - 0x00007ffb74b7c000 	C:\Windows\SYSTEM32\CRYPTBASE.dll
0x00007ffb6d4b0000 - 0x00007ffb6d4c7000 	C:\Windows\SYSTEM32\dhcpcsvc6.DLL
0x00007ffb6d490000 - 0x00007ffb6d4ad000 	C:\Windows\SYSTEM32\dhcpcsvc.DLL
0x00007ffb6ee00000 - 0x00007ffb6ee10000 	C:\spring\sts-4.11.1.RELEASE\plugins\org.eclipse.justj.openjdk.hotspot.jre.full.win32.x86_64_16.0.2.v20210721-1149\jre\bin\verify.dll
0x00007ffb56c90000 - 0x00007ffb56c9e000 	C:\spring\sts-4.11.1.RELEASE\plugins\org.eclipse.justj.openjdk.hotspot.jre.full.win32.x86_64_16.0.2.v20210721-1149\jre\bin\sunmscapi.dll
0x00007ffb754c0000 - 0x00007ffb75616000 	C:\Windows\System32\CRYPT32.dll
0x00007ffb74c70000 - 0x00007ffb74c97000 	C:\Windows\SYSTEM32\ncrypt.dll
0x00007ffb74c30000 - 0x00007ffb74c6b000 	C:\Windows\SYSTEM32\NTASN1.dll

dbghelp: loaded successfully - version: 4.0.5 - missing functions: none
symbol engine: initialized successfully - sym options: 0x614 - pdb path: .;C:\spring\sts-4.11.1.RELEASE\plugins\org.eclipse.justj.openjdk.hotspot.jre.full.win32.x86_64_16.0.2.v20210721-1149\jre\bin;C:\Windows\SYSTEM32;C:\Windows\WinSxS\amd64_microsoft.windows.common-controls_6595b64144ccf1df_6.0.19041.1110_none_60b5254171f9507e;C:\spring\sts-4.11.1.RELEASE\plugins\org.eclipse.justj.openjdk.hotspot.jre.full.win32.x86_64_16.0.2.v20210721-1149\jre\bin\server

VM Arguments:
jvm_args: -Dcom.sun.management.jmxremote -Dcom.sun.management.jmxremote.port=58032 -Dcom.sun.management.jmxremote.authenticate=false -Dcom.sun.management.jmxremote.ssl=false -Djava.rmi.server.hostname=localhost -Dspring.jmx.enabled=true -Dspring.application.admin.enabled=true -XX:TieredStopAtLevel=1 -Dspring.boot.project.name=Work -Dfile.encoding=UTF-8 -XX:+ShowCodeDetailsInExceptionMessages 
java_command: tn.esprit.Work.WorkApplication --spring.output.ansi.enabled=always
java_class_path (initial): C:\Users\Ines Nfougui\Desktop\ines\Work\target\classes;C:\Users\Ines Nfougui\.m2\repository\commons-io\commons-io\2.5\commons-io-2.5.jar;C:\Users\Ines Nfougui\.m2\repository\com\squareup\okhttp\okhttp\2.7.5\okhttp-2.7.5.jar;C:\Users\Ines Nfougui\.m2\repository\com\squareup\okio\okio\1.6.0\okio-1.6.0.jar;C:\Users\Ines Nfougui\.m2\repository\org\json\json\20080701\json-20080701.jar;C:\Users\Ines Nfougui\.m2\repository\org\apache\httpcomponents\httpclient\4.5.13\httpclient-4.5.13.jar;C:\Users\Ines Nfougui\.m2\repository\org\apache\httpcomponents\httpcore\4.4.14\httpcore-4.4.14.jar;C:\Users\Ines Nfougui\.m2\repository\commons-codec\commons-codec\1.15\commons-codec-1.15.jar;C:\Users\Ines Nfougui\.m2\repository\org\springframework\boot\spring-boot-starter-validation\2.4.4\spring-boot-starter-validation-2.4.4.jar;C:\Users\Ines Nfougui\.m2\repository\org\springframework\boot\spring-boot-starter\2.4.4\spring-boot-starter-2.4.4.jar;C:\Users\Ines Nfougui\.m2\repository\org\springframework\boot\spring-boot\2.4.4\spring-boot-2.4.4.jar;C:\Users\Ines Nfougui\.m2\repository\org\springframework\boot\spring-boot-autoconfigure\2.4.4\spring-boot-autoconfigure-2.4.4.jar;C:\Users\Ines Nfougui\.m2\repository\org\springframework\boot\spring-boot-starter-logging\2.4.4\spring-boot-starter-logging-2.4.4.jar;C:\Users\Ines Nfougui\.m2\repository\ch\qos\logback\logback-classic\1.2.3\logback-classic-1.2.3.jar;C:\Users\Ines Nfougui\.m2\repository\ch\qos\logback\logback-core\1.2.3\logback-core-1.2.3.jar;C:\Users\Ines Nfougui\.m2\repository\org\apache\logging\log4j\log4j-to-slf4j\2.13.3\log4j-to-slf4j-2.13.3.jar;C:\Users\Ines Nfougui\.m2\repository\org\apache\logging\log4j\log4j-api\2.13.3\log4j-api-2.13.3.jar;C:\Users\Ines Nfougui\.m2\repository\org\slf4j\jul-to-slf4j\1.7.30\jul-to-slf4j-1.7.30.jar;C:\Users\Ines Nfougui\.m2\repository\jakarta\annotation\jakarta.annotation-api\1.3.5\jakarta.annotation-api-1.3.5.jar;C:\Users\Ines Nfougui\.m2\repository\org\yaml\snakeyaml\
Launcher Type: SUN_STANDARD

[Global flags]
     intx CICompilerCount                          = 3                                         {product} {ergonomic}
     uint ConcGCThreads                            = 1                                         {product} {ergonomic}
     uint G1ConcRefinementThreads                  = 4                                         {product} {ergonomic}
   size_t G1HeapRegionSize                         = 1048576                                   {product} {ergonomic}
    uintx GCDrainStackTargetSize                   = 64                                        {product} {ergonomic}
   size_t InitialHeapSize                          = 33554432                                  {product} {ergonomic}
     bool ManagementServer                         = true                                      {product} {command line}
   size_t MarkStackSize                            = 4194304                                   {product} {ergonomic}
   size_t MaxHeapSize                              = 509607936                                 {product} {ergonomic}
   size_t MaxNewSize                               = 305135616                                 {product} {ergonomic}
   size_t MinHeapDeltaBytes                        = 1048576                                   {product} {ergonomic}
   size_t MinHeapSize                              = 8388608                                   {product} {ergonomic}
    uintx NonNMethodCodeHeapSize                   = 6973028                                {pd product} {ergonomic}
    uintx NonProfiledCodeHeapSize                  = 244685212                              {pd product} {ergonomic}
    uintx ProfiledCodeHeapSize                     = 0                                      {pd product} {ergonomic}
    uintx ReservedCodeCacheSize                    = 251658240                              {pd product} {ergonomic}
     bool SegmentedCodeCache                       = true                                      {product} {ergonomic}
     bool ShowCodeDetailsInExceptionMessages       = true                                   {manageable} {command line}
   size_t SoftMaxHeapSize                          = 509607936                              {manageable} {ergonomic}
     intx TieredStopAtLevel                        = 1                                         {product} {command line}
     bool UseCompressedClassPointers               = true                           {product lp64_product} {ergonomic}
     bool UseCompressedOops                        = true                           {product lp64_product} {ergonomic}
     bool UseG1GC                                  = true                                      {product} {ergonomic}
     bool UseLargePagesIndividualAllocation        = false                                  {pd product} {ergonomic}

Logging:
Log output configuration:
 #0: stdout all=warning uptime,level,tags
 #1: stderr all=off uptime,level,tags

Environment Variables:
PATH=C:/spring/sts-4.11.1.RELEASE//plugins/org.eclipse.justj.openjdk.hotspot.jre.full.win32.x86_64_16.0.2.v20210721-1149/jre/bin/server;C:/spring/sts-4.11.1.RELEASE//plugins/org.eclipse.justj.openjdk.hotspot.jre.full.win32.x86_64_16.0.2.v20210721-1149/jre/bin;C:\Program Files (x86)\VMware\VMware Workstation\bin\;C:\oraclexe\app\oracle\product\10.2.0\server\bin;C:\ProgramData\Oracle\Java\javapath;C:\Windows\system32;C:\Windows;C:\Windows\System32\Wbem;C:\Windows\System32\WindowsPowerShell\v1.0\;C:\Windows\System32\OpenSSH\;C:\Program Files\Java\jdk1.8.0_60\bin;C:\spring\apache-tomcat-8.5.28\bin;C:\composer;C:\xampp\php;C:\wamp64;C:\Program Files\dotnet\;C:\Program Files\Microsoft SQL Server\130\Tools\Binn\;C:\Program Files\Microsoft SQL Server\Client SDK\ODBC\170\Tools\Binn\;C:\Program Files\nodejs\;C:\Program Files\Git\cmd;C:\Users\Ines Nfougui\AppData\Local\Microsoft\WindowsApps;C:\Users\Ines Nfougui\AppData\Local\GitHubDesktop\bin;C:\xampp\php;C:\Users\Ines Nfougui\AppData\Roaming\Composer\vendor\bin;C:\wamp64\bin\php\php7.4.9;C:\Users\Ines Nfougui\.dotnet\tools;C:\Users\Ines Nfougui\AppData\Roaming\npm;C:\Users\Ines Nfougui\AppData\Local\Programs\Microsoft VS Code\bin;C:\spring\sts-4.11.1.RELEASE;
USERNAME=Ines Nfougui
OS=Windows_NT
PROCESSOR_IDENTIFIER=Intel64 Family 6 Model 58 Stepping 9, GenuineIntel



---------------  S Y S T E M  ---------------

OS:
 Windows 10 , 64 bit Build 19041 (10.0.19041.1503)
OS uptime: 0 days 10:55 hours

CPU: total 4 (initial active 4) (2 cores per cpu, 2 threads per core) family 6 model 58 stepping 9 microcode 0x21, cx8, cmov, fxsr, ht, mmx, sse, sse2, sse3, ssse3, sse4.1, sse4.2, popcnt, tsc, tscinvbit, avx, aes, erms, clmul, vzeroupper, clflush

Memory: 4k page, system-wide physical 1940M (213M free)
TotalPageFile size 7828M (AvailPageFile size 48M)
current process WorkingSet (physical memory assigned to process): 142M, peak: 142M
current process commit charge ("private bytes"): 213M, peak: 289M

vm_info: OpenJDK 64-Bit Server VM (16.0.2+7-67) for windows-amd64 JRE (16.0.2+7-67), built on Jun  8 2021 23:21:43 by "mach5one" with MS VC++ 16.7 (VS2019)

END.
